#
# A fatal error has been detected by the Java Runtime Environment:
#
#  EXCEPTION_ACCESS_VIOLATION (0xc0000005) at pc=0x0000000065c2f2dd, pid=10104, tid=0x00000000000011d4
#
# JRE version: Java(TM) SE Runtime Environment (8.0_121-b13) (build 1.8.0_121-b13)
# Java VM: Java HotSpot(TM) 64-Bit Server VM (25.121-b13 mixed mode windows-amd64 compressed oops)
# Problematic frame:
# V  [jvm.dll+0x14f2dd]
#
# Failed to write core dump. Minidumps are not enabled by default on client versions of Windows
#
# If you would like to submit a bug report, please visit:
#   http://bugreport.java.com/bugreport/crash.jsp
#

---------------  T H R E A D  ---------------

Current thread (0x0000000018292800):  JavaThread "AWT-EventQueue-0" [_thread_in_vm, id=4564, stack(0x0000000019400000,0x0000000019500000)]

siginfo: ExceptionCode=0xc0000005, reading address 0x0000000000000000

Registers:
RAX=0x0000000000000000, RBX=0x0000000018292800, RCX=0x0000000018292800, RDX=0x00000000eba41b30
RSP=0x00000000194fc8d0, RBP=0x00000000194fc9c8, RSI=0x0000000000000000, RDI=0x00000000182929f8
R8 =0x0000000000000000, R9 =0x00000000194fc9c8, R10=0x0000000018292800, R11=0x00000000194fc960
R12=0x00000000182980f8, R13=0x00000000182980f8, R14=0x0000000000782b40, R15=0x000000000078a210
RIP=0x0000000065c2f2dd, EFLAGS=0x0000000000010246

Top of Stack: (sp=0x00000000194fc8d0)
0x00000000194fc8d0:   00000000194fcb00 0000000100067f18
0x00000000194fc8e0:   00000000181ed048 00000000194fc930
0x00000000194fc8f0:   0000000018292800 0000000065b4e62f
0x00000000194fc900:   000000000000000e 00000000eba42008
0x00000000194fc910:   0000000018292800 0000000017fe5aa8
0x00000000194fc920:   0000000018292800 0000000017fe5aa8
0x00000000194fc930:   000000000000062d 00000000660e5d60
0x00000000194fc940:   0000000000000014 000000000000000e
0x00000000194fc950:   00000000194fc7f0 00000000194fc9d8
0x00000000194fc960:   00000000182980e8 00000000182929f8
0x00000000194fc970:   00000000182929f8 00007ffabb9b110c
0x00000000194fc980:   00000000007ae3a0 00000000194fcb00
0x00000000194fc990:   000000000076f068 0000000000000000
0x00000000194fc9a0:   00000000007ae3a0 00007ffabb9b1532
0x00000000194fc9b0:   00000000007ae3a0 00000000194fcb00
0x00000000194fc9c0:   0000000000000000 0000000000000000 

Instructions: (pc=0x0000000065c2f2dd)
0x0000000065c2f2bd:   00 48 83 7b 08 00 48 89 5c 24 50 48 c7 44 24 58
0x0000000065c2f2cd:   00 00 00 00 74 0a 48 8d 4c 24 50 e8 e3 c6 12 00
0x0000000065c2f2dd:   48 8b 06 c7 44 24 40 0e 00 00 00 48 8d 4c 24 70
0x0000000065c2f2ed:   48 8b 50 08 0f b7 42 24 48 8b 52 08 48 8b 54 c2 


Register to memory mapping:

RAX=0x0000000000000000 is an unknown value
RBX=0x0000000018292800 is a thread
RCX=0x0000000018292800 is a thread
RDX=0x00000000eba41b30 is an oop
java.lang.NoSuchMethodError 
 - klass: 'java/lang/NoSuchMethodError'
RSP=0x00000000194fc8d0 is pointing into the stack for thread: 0x0000000018292800
RBP=0x00000000194fc9c8 is pointing into the stack for thread: 0x0000000018292800
RSI=0x0000000000000000 is an unknown value
RDI=0x00000000182929f8 is an unknown value
R8 =0x0000000000000000 is an unknown value
R9 =0x00000000194fc9c8 is pointing into the stack for thread: 0x0000000018292800
R10=0x0000000018292800 is a thread
R11=0x00000000194fc960 is pointing into the stack for thread: 0x0000000018292800
R12=0x00000000182980f8 is an unknown value
R13=0x00000000182980f8 is an unknown value
R14=0x0000000000782b40 is an unknown value
R15=0x000000000078a210 is an unknown value


Stack: [0x0000000019400000,0x0000000019500000],  sp=0x00000000194fc8d0,  free space=1010k
Native frames: (J=compiled Java code, j=interpreted, Vv=VM code, C=native code)
V  [jvm.dll+0x14f2dd]
C  [civil.dll+0x110c]
C  [civil.dll+0x1532]
C  0x0000000002637f74

Java frames: (J=compiled Java code, j=interpreted, Vv=VM code)
j  com.lti.civil.impl.jni.NativeCaptureSystem.getCaptureDeviceInfoList()Ljava/util/List;+0
j  cezeri.device.webcam.WebCameraPanel.getCaptureDevices()Ljava/util/List;+26
j  cezeri.device.webcam.WebCameraControlPanel.btn_detectCDActionPerformed(Ljava/awt/event/ActionEvent;)V+4
j  cezeri.device.webcam.WebCameraControlPanel.access$900(Lcezeri/device/webcam/WebCameraControlPanel;Ljava/awt/event/ActionEvent;)V+2
j  cezeri.device.webcam.WebCameraControlPanel$10.actionPerformed(Ljava/awt/event/ActionEvent;)V+5
j  javax.swing.AbstractButton.fireActionPerformed(Ljava/awt/event/ActionEvent;)V+83
j  javax.swing.AbstractButton$Handler.actionPerformed(Ljava/awt/event/ActionEvent;)V+5
j  javax.swing.DefaultButtonModel.fireActionPerformed(Ljava/awt/event/ActionEvent;)V+34
j  javax.swing.DefaultButtonModel.setPressed(Z)V+117
j  javax.swing.plaf.basic.BasicButtonListener.mouseReleased(Ljava/awt/event/MouseEvent;)V+35
j  java.awt.Component.processMouseEvent(Ljava/awt/event/MouseEvent;)V+64
j  javax.swing.JComponent.processMouseEvent(Ljava/awt/event/MouseEvent;)V+23
j  java.awt.Component.processEvent(Ljava/awt/AWTEvent;)V+81
j  java.awt.Container.processEvent(Ljava/awt/AWTEvent;)V+18
J 982 C1 java.awt.Component.dispatchEventImpl(Ljava/awt/AWTEvent;)V (883 bytes) @ 0x00000000029891d4 [0x0000000002983cc0+0x5514]
J 819 C1 java.awt.Container.dispatchEventImpl(Ljava/awt/AWTEvent;)V (129 bytes) @ 0x00000000028ea044 [0x00000000028e9f00+0x144]
J 991 C1 java.awt.LightweightDispatcher.retargetMouseEvent(Ljava/awt/Component;ILjava/awt/event/MouseEvent;)V (350 bytes) @ 0x000000000299a29c [0x0000000002997ce0+0x25bc]
j  java.awt.LightweightDispatcher.processMouseEvent(Ljava/awt/event/MouseEvent;)Z+155
J 996 C1 java.awt.LightweightDispatcher.dispatchEvent(Ljava/awt/AWTEvent;)Z (73 bytes) @ 0x000000000299f2fc [0x000000000299eec0+0x43c]
J 819 C1 java.awt.Container.dispatchEventImpl(Ljava/awt/AWTEvent;)V (129 bytes) @ 0x00000000028e9fe4 [0x00000000028e9f00+0xe4]
J 998 C1 java.awt.Window.dispatchEventImpl(Ljava/awt/AWTEvent;)V (23 bytes) @ 0x00000000029a07a4 [0x00000000029a01c0+0x5e4]
J 866 C1 java.awt.EventQueue.dispatchEventImpl(Ljava/awt/AWTEvent;Ljava/lang/Object;)V (149 bytes) @ 0x0000000002910e3c [0x000000000290f600+0x183c]
J 864 C1 java.awt.EventQueue$3.run()Ljava/lang/Void; (60 bytes) @ 0x000000000290ea0c [0x000000000290e800+0x20c]
J 863 C1 java.awt.EventQueue$3.run()Ljava/lang/Object; (5 bytes) @ 0x000000000290e48c [0x000000000290e400+0x8c]
v  ~StubRoutines::call_stub
J 778  java.security.AccessController.doPrivileged(Ljava/security/PrivilegedAction;Ljava/security/AccessControlContext;)Ljava/lang/Object; (0 bytes) @ 0x00000000028d5be6 [0x00000000028d5b80+0x66]
J 994 C1 java.awt.EventQueue$4.run()Ljava/lang/Object; (5 bytes) @ 0x000000000299d9ec [0x000000000299d5c0+0x42c]
v  ~StubRoutines::call_stub
J 778  java.security.AccessController.doPrivileged(Ljava/security/PrivilegedAction;Ljava/security/AccessControlContext;)Ljava/lang/Object; (0 bytes) @ 0x00000000028d5be6 [0x00000000028d5b80+0x66]
J 824 C1 java.awt.EventQueue.dispatchEvent(Ljava/awt/AWTEvent;)V (80 bytes) @ 0x00000000028ed7fc [0x00000000028ec980+0xe7c]
J 867 C1 java.awt.EventDispatchThread.pumpOneEventForFilters(I)V (295 bytes) @ 0x0000000002913ef4 [0x0000000002912240+0x1cb4]
j  java.awt.EventDispatchThread.pumpEventsForFilter(ILjava/awt/Conditional;Ljava/awt/EventFilter;)V+35
j  java.awt.EventDispatchThread.pumpEventsForHierarchy(ILjava/awt/Conditional;Ljava/awt/Component;)V+11
j  java.awt.EventDispatchThread.pumpEvents(ILjava/awt/Conditional;)V+4
j  java.awt.EventDispatchThread.pumpEvents(Ljava/awt/Conditional;)V+3
j  java.awt.EventDispatchThread.run()V+9
v  ~StubRoutines::call_stub

---------------  P R O C E S S  ---------------

Java Threads: ( => current thread )
  0x0000000002524000 JavaThread "DestroyJavaVM" [_thread_blocked, id=13452, stack(0x0000000002420000,0x0000000002520000)]
=>0x0000000018292800 JavaThread "AWT-EventQueue-0" [_thread_in_vm, id=4564, stack(0x0000000019400000,0x0000000019500000)]
  0x0000000018241800 JavaThread "AWT-Windows" daemon [_thread_in_native, id=3252, stack(0x0000000018950000,0x0000000018a50000)]
  0x000000001823f000 JavaThread "AWT-Shutdown" [_thread_blocked, id=2404, stack(0x0000000018850000,0x0000000018950000)]
  0x000000001823c800 JavaThread "Java2D Disposer" daemon [_thread_blocked, id=4396, stack(0x0000000018750000,0x0000000018850000)]
  0x00000000170b6000 JavaThread "Service Thread" daemon [_thread_blocked, id=18196, stack(0x0000000017c10000,0x0000000017d10000)]
  0x0000000017070000 JavaThread "C1 CompilerThread3" daemon [_thread_blocked, id=13796, stack(0x0000000017b10000,0x0000000017c10000)]
  0x000000001706a000 JavaThread "C2 CompilerThread2" daemon [_thread_blocked, id=15180, stack(0x0000000017a10000,0x0000000017b10000)]
  0x0000000015149000 JavaThread "C2 CompilerThread1" daemon [_thread_blocked, id=18992, stack(0x0000000017910000,0x0000000017a10000)]
  0x000000001705d800 JavaThread "C2 CompilerThread0" daemon [_thread_blocked, id=13868, stack(0x0000000017810000,0x0000000017910000)]
  0x000000001705b000 JavaThread "Attach Listener" daemon [_thread_blocked, id=13888, stack(0x0000000017710000,0x0000000017810000)]
  0x000000001705a000 JavaThread "Signal Dispatcher" daemon [_thread_blocked, id=18540, stack(0x0000000017610000,0x0000000017710000)]
  0x0000000017040800 JavaThread "Finalizer" daemon [_thread_blocked, id=17000, stack(0x0000000017420000,0x0000000017520000)]
  0x000000000261a000 JavaThread "Reference Handler" daemon [_thread_blocked, id=18120, stack(0x0000000016f20000,0x0000000017020000)]

Other Threads:
  0x0000000015139800 VMThread [stack: 0x0000000016e20000,0x0000000016f20000] [id=5016]
  0x00000000170bc800 WatcherThread [stack: 0x0000000017d10000,0x0000000017e10000] [id=12552]

VM state:not at safepoint (normal execution)

VM Mutex/Monitor currently owned by a thread: None

Heap:
 PSYoungGen      total 76288K, used 15703K [0x00000000eab00000, 0x00000000f0000000, 0x0000000100000000)
  eden space 65536K, 23% used [0x00000000eab00000,0x00000000eba55d98,0x00000000eeb00000)
  from space 10752K, 0% used [0x00000000ef580000,0x00000000ef580000,0x00000000f0000000)
  to   space 10752K, 0% used [0x00000000eeb00000,0x00000000eeb00000,0x00000000ef580000)
 ParOldGen       total 175104K, used 0K [0x00000000c0000000, 0x00000000cab00000, 0x00000000eab00000)
  object space 175104K, 0% used [0x00000000c0000000,0x00000000c0000000,0x00000000cab00000)
 Metaspace       used 13320K, capacity 13498K, committed 13568K, reserved 1060864K
  class space    used 1714K, capacity 1767K, committed 1792K, reserved 1048576K

Card table byte_map: [0x00000000119e0000,0x0000000011bf0000] byte_map_base: 0x00000000113e0000

Marking Bits: (ParMarkBitMap*) 0x00000000662fb6d0
 Begin Bits: [0x0000000012550000, 0x0000000013550000)
 End Bits:   [0x0000000013550000, 0x0000000014550000)

Polling page: 0x00000000006e0000

CodeCache: size=245760Kb used=3642Kb max_used=3642Kb free=242117Kb
 bounds [0x0000000002620000, 0x00000000029c0000, 0x0000000011620000]
 total_blobs=1525 nmethods=1027 adapters=410
 compilation: enabled

Compilation events (10 events):
Event: 13.807 Thread 0x0000000017070000 1022       1       java.lang.StringCoding$StringEncoder::requestedCharsetName (5 bytes)
Event: 13.808 Thread 0x0000000017070000 nmethod 1022 0x00000000029aec10 code [0x00000000029aed60, 0x00000000029aee70]
Event: 13.810 Thread 0x0000000017070000 1024       3       java.lang.ref.WeakReference::<init> (7 bytes)
Event: 13.811 Thread 0x0000000017070000 nmethod 1024 0x00000000029aeed0 code [0x00000000029af040, 0x00000000029af2f0]
Event: 13.811 Thread 0x0000000017070000 1023       3       java.io.InputStream::<init> (5 bytes)
Event: 13.811 Thread 0x0000000017070000 nmethod 1023 0x00000000029af3d0 code [0x00000000029af540, 0x00000000029af6f0]
Event: 13.811 Thread 0x0000000017070000 1025       1       java.security.ProtectionDomain::getCodeSource (5 bytes)
Event: 13.811 Thread 0x0000000017070000 nmethod 1025 0x00000000029af7d0 code [0x00000000029af920, 0x00000000029afa30]
Event: 13.872 Thread 0x0000000017070000 1026  s    3       java.lang.Throwable::fillInStackTrace (29 bytes)
Event: 13.872 Thread 0x0000000017070000 nmethod 1026 0x00000000029afe10 code [0x00000000029aff80, 0x00000000029b0328]

GC Heap History (0 events):
No events

Deoptimization events (10 events):
Event: 0.511 Thread 0x0000000018292800 Uncommon trap: reason=unstable_if action=reinterpret pc=0x00000000027ee384 method=java.lang.String.indexOf([CII[CIII)I @ 3
Event: 0.610 Thread 0x0000000018241800 Uncommon trap: reason=unstable_if action=reinterpret pc=0x000000000283e0c8 method=java.util.HashMap.putVal(ILjava/lang/Object;Ljava/lang/Object;ZZ)Ljava/lang/Object; @ 206
Event: 0.610 Thread 0x0000000018241800 Uncommon trap: reason=unstable_if action=reinterpret pc=0x0000000002835f60 method=java.util.HashMap.putVal(ILjava/lang/Object;Ljava/lang/Object;ZZ)Ljava/lang/Object; @ 206
Event: 0.611 Thread 0x0000000018241800 Uncommon trap: reason=unstable_if action=reinterpret pc=0x0000000002745100 method=java.lang.CharacterData.of(I)Ljava/lang/CharacterData; @ 4
Event: 0.771 Thread 0x0000000018292800 Uncommon trap: reason=unstable_if action=reinterpret pc=0x0000000002894a38 method=java.awt.MultipleGradientPaintContext.indexIntoGradientsArrays(F)I @ 13
Event: 2.422 Thread 0x0000000018292800 Uncommon trap: reason=unstable_if action=reinterpret pc=0x00000000028df514 method=java.awt.Component.inside(II)Z @ 1
Event: 2.650 Thread 0x0000000018292800 Uncommon trap: reason=class_check action=maybe_recompile pc=0x00000000027c10e8 method=java.lang.String.equals(Ljava/lang/Object;)Z @ 8
Event: 2.650 Thread 0x0000000018292800 Uncommon trap: reason=class_check action=maybe_recompile pc=0x00000000027c10e8 method=java.lang.String.equals(Ljava/lang/Object;)Z @ 8
Event: 3.657 Thread 0x0000000018292800 Uncommon trap: reason=class_check action=maybe_recompile pc=0x00000000027c10e8 method=java.lang.String.equals(Ljava/lang/Object;)Z @ 8
Event: 3.657 Thread 0x0000000018292800 Uncommon trap: reason=class_check action=maybe_recompile pc=0x00000000027c10e8 method=java.lang.String.equals(Ljava/lang/Object;)Z @ 8

Internal exceptions (10 events):
Event: 0.425 Thread 0x0000000002524000 Exception <a 'java/lang/ClassNotFoundException': ToolTip> (0x00000000eb1aa530) thrown at [C:\re\workspace\8-2-build-windows-amd64-cygwin\jdk8u121\8372\hotspot\src\share\vm\classfile\systemDictionary.cpp, line 210]
Event: 0.427 Thread 0x0000000002524000 Exception <a 'java/lang/ClassNotFoundException': Tree> (0x00000000eb1ab150) thrown at [C:\re\workspace\8-2-build-windows-amd64-cygwin\jdk8u121\8372\hotspot\src\share\vm\classfile\systemDictionary.cpp, line 210]
Event: 0.427 Thread 0x0000000002524000 Exception <a 'java/lang/ClassNotFoundException': Tree> (0x00000000eb1ab890) thrown at [C:\re\workspace\8-2-build-windows-amd64-cygwin\jdk8u121\8372\hotspot\src\share\vm\classfile\systemDictionary.cpp, line 210]
Event: 0.427 Thread 0x0000000002524000 Exception <a 'java/lang/ClassNotFoundException': javax/swing/JTreeCell> (0x00000000eb1abc10) thrown at [C:\re\workspace\8-2-build-windows-amd64-cygwin\jdk8u121\8372\hotspot\src\share\vm\classfile\systemDictionary.cpp, line 210]
Event: 0.427 Thread 0x0000000002524000 Exception <a 'java/lang/ClassNotFoundException': TreeCell> (0x00000000eb1ac098) thrown at [C:\re\workspace\8-2-build-windows-amd64-cygwin\jdk8u121\8372\hotspot\src\share\vm\classfile\systemDictionary.cpp, line 210]
Event: 0.427 Thread 0x0000000002524000 Exception <a 'java/lang/ClassNotFoundException': RootPane> (0x00000000eb1acaf8) thrown at [C:\re\workspace\8-2-build-windows-amd64-cygwin\jdk8u121\8372\hotspot\src\share\vm\classfile\systemDictionary.cpp, line 210]
Event: 13.872 Thread 0x0000000018292800 Exception <a 'java/lang/NoSuchMethodError': setNoOutputs> (0x00000000eba40e98) thrown at [C:\re\workspace\8-2-build-windows-amd64-cygwin\jdk8u121\8372\hotspot\src\share\vm\prims\jni.cpp, line 1581]
Event: 13.872 Thread 0x0000000018292800 Exception <a 'java/lang/NoSuchMethodError': setOutputName> (0x00000000eba412d0) thrown at [C:\re\workspace\8-2-build-windows-amd64-cygwin\jdk8u121\8372\hotspot\src\share\vm\prims\jni.cpp, line 1581]
Event: 13.872 Thread 0x0000000018292800 Exception <a 'java/lang/NoSuchMethodError': setNoInputs> (0x00000000eba41700) thrown at [C:\re\workspace\8-2-build-windows-amd64-cygwin\jdk8u121\8372\hotspot\src\share\vm\prims\jni.cpp, line 1581]
Event: 13.872 Thread 0x0000000018292800 Exception <a 'java/lang/NoSuchMethodError': setInputName> (0x00000000eba41b30) thrown at [C:\re\workspace\8-2-build-windows-amd64-cygwin\jdk8u121\8372\hotspot\src\share\vm\prims\jni.cpp, line 1581]

Events (10 events):
Event: 13.810 loading class com/lti/civil/CaptureSystem
Event: 13.810 loading class com/lti/civil/CaptureSystem done
Event: 13.810 loading class com/lti/civil/impl/jni/Peered
Event: 13.810 loading class com/lti/civil/impl/jni/Peered done
Event: 13.871 loading class com/lti/civil/impl/jni/NativeCaptureDeviceInfo
Event: 13.871 loading class com/lti/civil/impl/jni/NativeCaptureDeviceInfo done
Event: 13.871 loading class com/lti/civil/CaptureDeviceInfo
Event: 13.871 loading class com/lti/civil/CaptureDeviceInfo done
Event: 13.872 loading class com/lti/civil/impl/common/CaptureDeviceInfoImpl
Event: 13.872 loading class com/lti/civil/impl/common/CaptureDeviceInfoImpl done


Dynamic libraries:
0x00007ff77d690000 - 0x00007ff77d6c7000 	C:\Program Files\Java\jdk1.8.0_121\bin\java.exe
0x00007ffacd3c0000 - 0x00007ffacd5b0000 	C:\WINDOWS\SYSTEM32\ntdll.dll
0x00007ffacc5e0000 - 0x00007ffacc692000 	C:\WINDOWS\System32\KERNEL32.DLL
0x00007ffacb0f0000 - 0x00007ffacb393000 	C:\WINDOWS\System32\KERNELBASE.dll
0x00007ffac8200000 - 0x00007ffac828f000 	C:\WINDOWS\SYSTEM32\apphelp.dll
0x00007ffa940b0000 - 0x00007ffa9410d000 	C:\WINDOWS\SYSTEM32\AcGenral.DLL
0x00007ffacbd30000 - 0x00007ffacbdce000 	C:\WINDOWS\System32\msvcrt.dll
0x00007ffacb9a0000 - 0x00007ffacba37000 	C:\WINDOWS\System32\sechost.dll
0x00007ffacc4c0000 - 0x00007ffacc5e0000 	C:\WINDOWS\System32\RPCRT4.dll
0x00007ffacb600000 - 0x00007ffacb652000 	C:\WINDOWS\System32\SHLWAPI.dll
0x00007ffacb660000 - 0x00007ffacb996000 	C:\WINDOWS\System32\combase.dll
0x00007ffacafa0000 - 0x00007ffacb09a000 	C:\WINDOWS\System32\ucrtbase.dll
0x00007ffacac70000 - 0x00007ffacacf0000 	C:\WINDOWS\System32\bcryptPrimitives.dll
0x00007ffacce30000 - 0x00007ffacce56000 	C:\WINDOWS\System32\GDI32.dll
0x00007ffacae40000 - 0x00007ffacae61000 	C:\WINDOWS\System32\win32u.dll
0x00007ffaca320000 - 0x00007ffaca4b4000 	C:\WINDOWS\System32\gdi32full.dll
0x00007ffacb3a0000 - 0x00007ffacb43e000 	C:\WINDOWS\System32\msvcp_win.dll
0x00007ffacbac0000 - 0x00007ffacbc53000 	C:\WINDOWS\System32\USER32.dll
0x00007ffacd1f0000 - 0x00007ffacd346000 	C:\WINDOWS\System32\ole32.dll
0x00007ffaccb80000 - 0x00007ffaccc23000 	C:\WINDOWS\System32\advapi32.dll
0x00007ffacbdd0000 - 0x00007ffacc4b2000 	C:\WINDOWS\System32\SHELL32.dll
0x00007ffacb0a0000 - 0x00007ffacb0ea000 	C:\WINDOWS\System32\cfgmgr32.dll
0x00007ffacd010000 - 0x00007ffacd0b9000 	C:\WINDOWS\System32\shcore.dll
0x00007ffaca4c0000 - 0x00007ffacac3c000 	C:\WINDOWS\System32\windows.storage.dll
0x00007ffaca270000 - 0x00007ffaca28f000 	C:\WINDOWS\System32\profapi.dll
0x00007ffaca2b0000 - 0x00007ffaca2fa000 	C:\WINDOWS\System32\powrprof.dll
0x00007ffaca260000 - 0x00007ffaca270000 	C:\WINDOWS\System32\UMPDC.dll
0x00007ffaca290000 - 0x00007ffaca2a1000 	C:\WINDOWS\System32\kernel.appcore.dll
0x00007ffacaed0000 - 0x00007ffacaee7000 	C:\WINDOWS\System32\cryptsp.dll
0x00007ffaca180000 - 0x00007ffaca1a5000 	C:\WINDOWS\SYSTEM32\USERENV.dll
0x00007ffab0b50000 - 0x00007ffab0b6b000 	C:\WINDOWS\SYSTEM32\MPR.dll
0x00007ffaca150000 - 0x00007ffaca17f000 	C:\WINDOWS\SYSTEM32\SspiCli.dll
0x00007ffaccc30000 - 0x00007ffaccc5e000 	C:\WINDOWS\System32\IMM32.DLL
0x00007ffabd9d0000 - 0x00007ffabdc55000 	C:\WINDOWS\WinSxS\amd64_microsoft.windows.common-controls_6595b64144ccf1df_6.0.18362.295_none_e6c3acbd13101292\COMCTL32.dll
0x0000000066a60000 - 0x0000000066b32000 	C:\Program Files\Java\jdk1.8.0_121\jre\bin\msvcr100.dll
0x0000000065ae0000 - 0x000000006637b000 	C:\Program Files\Java\jdk1.8.0_121\jre\bin\server\jvm.dll
0x00007ffaccdb0000 - 0x00007ffaccdb8000 	C:\WINDOWS\System32\PSAPI.DLL
0x00007ffabca50000 - 0x00007ffabca59000 	C:\WINDOWS\SYSTEM32\WSOCK32.dll
0x00007ffac6240000 - 0x00007ffac6264000 	C:\WINDOWS\SYSTEM32\WINMM.dll
0x00007ffaccdc0000 - 0x00007ffacce2f000 	C:\WINDOWS\System32\WS2_32.dll
0x00007ffabff30000 - 0x00007ffabff3a000 	C:\WINDOWS\SYSTEM32\VERSION.dll
0x00007ffac6210000 - 0x00007ffac623d000 	C:\WINDOWS\SYSTEM32\winmmbase.dll
0x0000000067130000 - 0x000000006713f000 	C:\Program Files\Java\jdk1.8.0_121\jre\bin\verify.dll
0x0000000066ef0000 - 0x0000000066f19000 	C:\Program Files\Java\jdk1.8.0_121\jre\bin\java.dll
0x0000000066ed0000 - 0x0000000066ee6000 	C:\Program Files\Java\jdk1.8.0_121\jre\bin\zip.dll
0x0000000065940000 - 0x0000000065ad8000 	C:\Program Files\Java\jdk1.8.0_121\jre\bin\awt.dll
0x00007ffaccce0000 - 0x00007ffaccda4000 	C:\WINDOWS\System32\OLEAUT32.dll
0x00007ffac8540000 - 0x00007ffac85d9000 	C:\WINDOWS\system32\uxtheme.dll
0x00007ffacb440000 - 0x00007ffacb576000 	C:\WINDOWS\System32\MSCTF.dll
0x00007ffac8a00000 - 0x00007ffac8a2d000 	C:\WINDOWS\system32\DWMAPI.DLL
0x00000000669f0000 - 0x0000000066a37000 	C:\Program Files\Java\jdk1.8.0_121\jre\bin\fontmanager.dll
0x00007ffaafc40000 - 0x00007ffaafd8f000 	C:\WINDOWS\system32\opengl32.dll
0x00007ffaba9e0000 - 0x00007ffabaa0c000 	C:\WINDOWS\SYSTEM32\GLU32.dll
0x00007ffac8ed0000 - 0x00007ffac8ef0000 	C:\WINDOWS\SYSTEM32\dxcore.dll
0x0000000066eb0000 - 0x0000000066eca000 	C:\Program Files\Java\jdk1.8.0_121\jre\bin\net.dll
0x00007ffac9ad0000 - 0x00007ffac9b37000 	C:\WINDOWS\system32\mswsock.dll
0x0000000066a40000 - 0x0000000066a51000 	C:\Program Files\Java\jdk1.8.0_121\jre\bin\nio.dll
0x00000000658f0000 - 0x0000000065932000 	C:\Program Files\Java\jdk1.8.0_121\jre\bin\t2k.dll
0x00007ffac4a10000 - 0x00007ffac4aae000 	C:\WINDOWS\System32\TextInputFramework.dll
0x00007ffac4be0000 - 0x00007ffac4f0a000 	C:\WINDOWS\System32\CoreUIComponents.dll
0x00007ffac7910000 - 0x00007ffac79e4000 	C:\WINDOWS\System32\CoreMessaging.dll
0x00007ffac92c0000 - 0x00007ffac92f1000 	C:\WINDOWS\SYSTEM32\ntmarta.dll
0x00007ffac59f0000 - 0x00007ffac5b43000 	C:\WINDOWS\SYSTEM32\wintypes.dll
0x00000000669c0000 - 0x00000000669ea000 	C:\Program Files\Java\jdk1.8.0_121\jre\bin\dcpr.dll
0x00007ffabe8d0000 - 0x00007ffabeb76000 	C:\WINDOWS\System32\iertutil.dll
0x00007ffabb9b0000 - 0x00007ffabb9dc000 	E:\Dropbox\NetbeansProjects\OpenCezeriLibrary\civil.dll
0x00007ffacd120000 - 0x00007ffacd1c2000 	C:\WINDOWS\System32\clbcatq.dll
0x00007ffabf860000 - 0x00007ffabf878000 	C:\Windows\System32\devenum.dll
0x00007ffacc6a0000 - 0x00007ffaccb10000 	C:\WINDOWS\System32\setupapi.dll
0x00007ffacac40000 - 0x00007ffacac66000 	C:\WINDOWS\System32\bcrypt.dll
0x00007ffaca060000 - 0x00007ffaca08a000 	C:\WINDOWS\SYSTEM32\DEVOBJ.dll
0x00007ffacae70000 - 0x00007ffacaecc000 	C:\WINDOWS\System32\WINTRUST.dll
0x00007ffaca300000 - 0x00007ffaca312000 	C:\WINDOWS\System32\MSASN1.dll
0x00007ffacacf0000 - 0x00007ffacae39000 	C:\WINDOWS\System32\CRYPT32.dll
0x00007ffac3db0000 - 0x00007ffac3dbb000 	C:\WINDOWS\SYSTEM32\msdmo.dll
0x00007ffabb6b0000 - 0x00007ffabb6e4000 	C:\Windows\System32\qcap.dll
0x00007ffab3ff0000 - 0x00007ffab41b4000 	C:\Windows\System32\quartz.dll
0x00007ffaba610000 - 0x00007ffaba65c000 	C:\Windows\System32\mfksproxy.dll
0x00007ffab92c0000 - 0x00007ffab92dc000 	C:\Windows\System32\ATL.DLL
0x00007ffab8fa0000 - 0x00007ffab919a000 	C:\Windows\System32\MFPlat.DLL
0x00007ffac2bb0000 - 0x00007ffac2bdf000 	C:\Windows\System32\RTWorkQ.DLL
0x00007ffaacfa0000 - 0x00007ffaacffc000 	C:\Windows\System32\MFSENSORGROUP.dll
0x00007ffaab830000 - 0x00007ffaab87d000 	C:\Windows\System32\ksproxy.ax
0x00007ffac20e0000 - 0x00007ffac20e9000 	C:\Windows\System32\ksuser.dll
0x00007ffa8d280000 - 0x00007ffa8d446000 	C:\Windows\System32\d3d9.dll
0x00007ffac44e0000 - 0x00007ffac4560000 	C:\WINDOWS\SYSTEM32\policymanager.dll
0x00007ffac5db0000 - 0x00007ffac5e3a000 	C:\Windows\System32\msvcp110_win.dll
0x00007ffac1710000 - 0x00007ffac171d000 	C:\Windows\System32\vidcap.ax
0x00007ffabb680000 - 0x00007ffabb6a6000 	C:\Windows\System32\kswdmcap.ax
0x00007ffaa0df0000 - 0x00007ffaa0f52000 	C:\Windows\System32\MFC42.dll
0x00007ffab4c20000 - 0x00007ffab4e14000 	C:\WINDOWS\SYSTEM32\dbghelp.dll

VM Arguments:
jvm_args: -Dfile.encoding=UTF-8 -Xms256M -Xmx1G 
java_command: test.TestCameraFrame
java_class_path (initial): E:\Dropbox\NetbeansProjects\OpenCezeriLibrary\lib\Filters.jar;E:\Dropbox\NetbeansProjects\OpenCezeriLibrary\lib\weka.jar;E:\Dropbox\NetbeansProjects\OpenCezeriLibrary\lib\ij.jar;E:\Dropbox\NetbeansProjects\OpenCezeriLibrary\lib\lti-civil.jar;E:\Dropbox\NetbeansProjects\OpenCezeriLibrary\lib\Jama-1.0.3.jar;E:\Dropbox\NetbeansProjects\OpenCezeriLibrary\lib\opencsv-2.3.jar;E:\Dropbox\NetbeansProjects\OpenCezeriLibrary\lib\mtj-1.0-snapshot.jar;E:\Dropbox\NetbeansProjects\OpenCezeriLibrary\lib\NeuralNetwork.jar;E:\Dropbox\NetbeansProjects\OpenCezeriLibrary\lib\lti-civil-no_s_w_t.jar;E:\Dropbox\NetbeansProjects\OpenCezeriLibrary\lib\lti-civil-noswt.jar;E:\Dropbox\NetbeansProjects\OpenCezeriLibrary\lib\lti-civil-noutils.jar;E:\Dropbox\NetbeansProjects\OpenCezeriLibrary\lib\bridj-0.6.2.jar;E:\Dropbox\NetbeansProjects\OpenCezeriLibrary\lib\slf4j-api-1.7.2.jar;E:\Dropbox\NetbeansProjects\OpenCezeriLibrary\lib\slf4j-simple-1.6.2.jar;E:\Dropbox\NetbeansProjects\OpenCezeriLibrary\lib\webcam-capture-0.3.10.jar;E:\Dropbox\NetbeansProjects\OpenCezeriLibrary\lib\opencv-320.jar;E:\Dropbox\NetbeansProjects\OpenCezeriLibrary\lib\RXTXcomm.jar;E:\Dropbox\NetbeansProjects\OpenCezeriLibrary\lib\jna-4.1.0.jar;E:\Dropbox\NetbeansProjects\OpenCezeriLibrary\lib\openkinect_processing.jar;E:\Dropbox\NetbeansProjects\OpenCezeriLibrary\lib\processing_3.2\core.jar;E:\Dropbox\NetbeansProjects\OpenCezeriLibrary\lib\processing_3.2\gluegen-rt-natives-linux-amd64.jar;E:\Dropbox\NetbeansProjects\OpenCezeriLibrary\lib\processing_3.2\gluegen-rt-natives-linux-armv6hf.jar;E:\Dropbox\NetbeansProjects\OpenCezeriLibrary\lib\processing_3.2\gluegen-rt-natives-linux-i586.jar;E:\Dropbox\NetbeansProjects\OpenCezeriLibrary\lib\processing_3.2\gluegen-rt-natives-macosx-universal.jar;E:\Dropbox\NetbeansProjects\OpenCezeriLibrary\lib\processing_3.2\gluegen-rt-natives-windows-amd64.jar;E:\Dropbox\NetbeansProjects\OpenCezeriLibrary\lib\processing_3.2\gluegen-rt-natives-windows-i586.jar;E:\Dropb
Launcher Type: SUN_STANDARD

Environment Variables:
PATH=C:\Program Files (x86)\Common Files\Oracle\Java\javapath;C:\Program Files\NVIDIA GPU Computing Toolkit\CUDA\v8.0\bin;C:\Program Files\NVIDIA GPU Computing Toolkit\CUDA\v8.0\libnvvp;C:\ProgramData\Oracle\Java\javapath;C:\Windows\system32;C:\Windows;C:\Windows\System32\Wbem;C:\Windows\System32\WindowsPowerShell\v1.0\;C:\Program Files\Microsoft\Web Platform Installer\;C:\Program Files (x86)\Microsoft ASP.NET\ASP.NET Web Pages\v1.0\;C:\Program Files (x86)\Windows Kits\8.0\Windows Performance Toolkit\;C:\Program Files\Microsoft SQL Server\110\Tools\Binn\;C:\Program Files (x86)\NVIDIA Corporation\PhysX\Common;C:\Program Files (x86)\Leap Motion;C:\Program Files\MATLAB\R2013a\runtime\win64;C:\Program Files\MATLAB\R2013a\bin;C:\apache-maven-3.5.0\bin;C:\cygwin64\bin;C:\MinGW\bin;C:\MinGW\MSYS\1.0\bin;C:\WINDOWS\system32;C:\WINDOWS;C:\WINDOWS\System32\Wbem;C:\WINDOWS\System32\WindowsPowerShell\v1.0\;C:\wamp\bin\php\php5.6.35;C:\composer;C:\Program Files\Git\cmd;C:\WINDOWS\System32\OpenSSH\;C:\sbt_1.1;C:\sbt_1.1\bin;C:\Users\elcezerilab\AppData\Local\Microsoft\WindowsApps;C:\Users\elcezerilab\AppData\Roaming\Composer\vendor\bin;E:\android-sdk\sdk\platform-tools;;C:\Program Files\JetBrains\PyCharm Community Edition 2018.3\bin;;C:\Program Files\JetBrains\IntelliJ IDEA Community Edition 2018.3\bin;
USERNAME=elcezerilab
OS=Windows_NT
PROCESSOR_IDENTIFIER=Intel64 Family 6 Model 60 Stepping 3, GenuineIntel



---------------  S Y S T E M  ---------------

OS: Windows 10.0 , 64 bit Build 18362 (10.0.18362.86)

CPU:total 8 (4 cores per cpu, 2 threads per core) family 6 model 60 stepping 3, cmov, cx8, fxsr, mmx, sse, sse2, sse3, ssse3, sse4.1, sse4.2, popcnt, avx, avx2, aes, clmul, erms, lzcnt, ht, tsc, tscinvbit, bmi1, bmi2

Memory: 4k page, physical 16460976k(10338264k free), swap 19475632k(12325524k free)

vm_info: Java HotSpot(TM) 64-Bit Server VM (25.121-b13) for windows-amd64 JRE (1.8.0_121-b13), built on Dec 12 2016 18:21:36 by "java_re" with MS VC++ 10.0 (VS2010)

time: Fri Sep 13 16:51:32 2019
elapsed time: 13 seconds (0d 0h 0m 13s)

