#
# A fatal error has been detected by the Java Runtime Environment:
#
#  EXCEPTION_ACCESS_VIOLATION (0xc0000005) at pc=0x0000000068bbfbcd, pid=20024, tid=0x0000000000000b18
#
# JRE version: Java(TM) SE Runtime Environment (8.0_251-b08) (build 1.8.0_251-b08)
# Java VM: Java HotSpot(TM) 64-Bit Server VM (25.251-b08 mixed mode windows-amd64 compressed oops)
# Problematic frame:
# V  [jvm.dll+0x14fbcd]
#
# Failed to write core dump. Minidumps are not enabled by default on client versions of Windows
#
# If you would like to submit a bug report, please visit:
#   http://bugreport.java.com/bugreport/crash.jsp
#

---------------  T H R E A D  ---------------

Current thread (0x000000003c25f000):  JavaThread "AWT-EventQueue-0" [_thread_in_vm, id=2840, stack(0x000000003d2e0000,0x000000003d3e0000)]

siginfo: ExceptionCode=0xc0000005, reading address 0x0000000000000000

Registers:
RAX=0x0000000000000000, RBX=0x000000003c25f000, RCX=0x000000003c25f000, RDX=0x000000066b8e2ce0
RSP=0x000000003d3dc760, RBP=0x000000003d3dc858, RSI=0x0000000000000000, RDI=0x000000003c25f1f8
R8 =0x0000000000000000, R9 =0x000000003d3dc858, R10=0x000000003c25f000, R11=0x000000003d3dc7f0
R12=0x000000003c20e1a8, R13=0x000000003c20e1a8, R14=0x0000000001497730, R15=0x000000000148bd30
RIP=0x0000000068bbfbcd, EFLAGS=0x0000000000010246

Top of Stack: (sp=0x000000003d3dc760)
0x000000003d3dc760:   000000003d3dc990 00000007c0067f20
0x000000003d3dc770:   000000003c1a4258 000000003d3dc7c0
0x000000003d3dc780:   000000003c25f000 0000000068adf41f
0x000000003d3dc790:   000000000000000e 00000000cd71c637
0x000000003d3dc7a0:   000000003c25f000 000000003c04bbf8
0x000000003d3dc7b0:   000000003c25f000 000000003c04bbf8
0x000000003d3dc7c0:   000000000000062e 00000000690817e0
0x000000003d3dc7d0:   0000000000000014 000000000000000e
0x000000003d3dc7e0:   000000003d3dc680 000000003d3dc868
0x000000003d3dc7f0:   000000003c20e198 000000003c25f1f8
0x000000003d3dc800:   000000003c25f1f8 00007ffbe095110c
0x000000003d3dc810:   0000000001496650 000000003d3dc990
0x000000003d3dc820:   000000000145d768 0000000000000000
0x000000003d3dc830:   0000000001496650 00007ffbe0951532
0x000000003d3dc840:   0000000001496650 000000003d3dc990
0x000000003d3dc850:   0000000000000000 0000000000000000 

Instructions: (pc=0x0000000068bbfbcd)
0x0000000068bbfbad:   00 48 83 7b 08 00 48 89 5c 24 50 48 c7 44 24 58
0x0000000068bbfbbd:   00 00 00 00 74 0a 48 8d 4c 24 50 e8 e3 f3 12 00
0x0000000068bbfbcd:   48 8b 06 c7 44 24 40 0e 00 00 00 48 8d 4c 24 70
0x0000000068bbfbdd:   48 8b 50 08 0f b7 42 24 48 8b 52 08 48 8b 54 c2 


Register to memory mapping:

RAX=0x0000000000000000 is an unknown value
RBX=0x000000003c25f000 is a thread
RCX=0x000000003c25f000 is a thread
RDX=0x000000066b8e2ce0 is an oop
java.lang.NoSuchMethodError 
 - klass: 'java/lang/NoSuchMethodError'
RSP=0x000000003d3dc760 is pointing into the stack for thread: 0x000000003c25f000
RBP=0x000000003d3dc858 is pointing into the stack for thread: 0x000000003c25f000
RSI=0x0000000000000000 is an unknown value
RDI=0x000000003c25f1f8 is an unknown value
R8 =0x0000000000000000 is an unknown value
R9 =0x000000003d3dc858 is pointing into the stack for thread: 0x000000003c25f000
R10=0x000000003c25f000 is a thread
R11=0x000000003d3dc7f0 is pointing into the stack for thread: 0x000000003c25f000
R12=0x000000003c20e1a8 is an unknown value
R13=0x000000003c20e1a8 is an unknown value
R14=0x0000000001497730 is an unknown value
R15=0x000000000148bd30 is an unknown value


Stack: [0x000000003d2e0000,0x000000003d3e0000],  sp=0x000000003d3dc760,  free space=1009k
Native frames: (J=compiled Java code, j=interpreted, Vv=VM code, C=native code)
V  [jvm.dll+0x14fbcd]
C  [civil.dll+0x110c]
C  [civil.dll+0x1532]
C  0x00000000034a8c67

Java frames: (J=compiled Java code, j=interpreted, Vv=VM code)
j  com.lti.civil.impl.jni.NativeCaptureSystem.getCaptureDeviceInfoList()Ljava/util/List;+0
j  cezeri.device.webcam.WebCameraPanel.getCaptureDevices()Ljava/util/List;+26
j  cezeri.device.webcam.WebCameraControlPanel.btn_detectCDActionPerformed(Ljava/awt/event/ActionEvent;)V+4
j  cezeri.device.webcam.WebCameraControlPanel.access$900(Lcezeri/device/webcam/WebCameraControlPanel;Ljava/awt/event/ActionEvent;)V+2
j  cezeri.device.webcam.WebCameraControlPanel$10.actionPerformed(Ljava/awt/event/ActionEvent;)V+5
j  javax.swing.AbstractButton.fireActionPerformed(Ljava/awt/event/ActionEvent;)V+83
j  javax.swing.AbstractButton$Handler.actionPerformed(Ljava/awt/event/ActionEvent;)V+5
j  javax.swing.DefaultButtonModel.fireActionPerformed(Ljava/awt/event/ActionEvent;)V+34
j  javax.swing.DefaultButtonModel.setPressed(Z)V+117
j  javax.swing.plaf.basic.BasicButtonListener.mouseReleased(Ljava/awt/event/MouseEvent;)V+35
j  java.awt.Component.processMouseEvent(Ljava/awt/event/MouseEvent;)V+64
j  javax.swing.JComponent.processMouseEvent(Ljava/awt/event/MouseEvent;)V+23
j  java.awt.Component.processEvent(Ljava/awt/AWTEvent;)V+81
j  java.awt.Container.processEvent(Ljava/awt/AWTEvent;)V+18
j  java.awt.Component.dispatchEventImpl(Ljava/awt/AWTEvent;)V+589
j  java.awt.Container.dispatchEventImpl(Ljava/awt/AWTEvent;)V+42
j  java.awt.Component.dispatchEvent(Ljava/awt/AWTEvent;)V+2
j  java.awt.LightweightDispatcher.retargetMouseEvent(Ljava/awt/Component;ILjava/awt/event/MouseEvent;)V+349
j  java.awt.LightweightDispatcher.processMouseEvent(Ljava/awt/event/MouseEvent;)Z+155
j  java.awt.LightweightDispatcher.dispatchEvent(Ljava/awt/AWTEvent;)Z+50
j  java.awt.Container.dispatchEventImpl(Ljava/awt/AWTEvent;)V+12
j  java.awt.Window.dispatchEventImpl(Ljava/awt/AWTEvent;)V+19
j  java.awt.Component.dispatchEvent(Ljava/awt/AWTEvent;)V+2
j  java.awt.EventQueue.dispatchEventImpl(Ljava/awt/AWTEvent;Ljava/lang/Object;)V+41
j  java.awt.EventQueue.access$500(Ljava/awt/EventQueue;Ljava/awt/AWTEvent;Ljava/lang/Object;)V+3
j  java.awt.EventQueue$3.run()Ljava/lang/Void;+32
j  java.awt.EventQueue$3.run()Ljava/lang/Object;+1
v  ~StubRoutines::call_stub
J 778  java.security.AccessController.doPrivileged(Ljava/security/PrivilegedAction;Ljava/security/AccessControlContext;)Ljava/lang/Object; (0 bytes) @ 0x0000000003757ea6 [0x0000000003757e40+0x66]
j  java.security.ProtectionDomain$JavaSecurityAccessImpl.doIntersectionPrivilege(Ljava/security/PrivilegedAction;Ljava/security/AccessControlContext;Ljava/security/AccessControlContext;)Ljava/lang/Object;+18
j  java.security.ProtectionDomain$JavaSecurityAccessImpl.doIntersectionPrivilege(Ljava/security/PrivilegedAction;Ljava/security/AccessControlContext;)Ljava/lang/Object;+6
j  java.awt.EventQueue$4.run()Ljava/lang/Void;+11
j  java.awt.EventQueue$4.run()Ljava/lang/Object;+1
v  ~StubRoutines::call_stub
J 778  java.security.AccessController.doPrivileged(Ljava/security/PrivilegedAction;Ljava/security/AccessControlContext;)Ljava/lang/Object; (0 bytes) @ 0x0000000003757ea6 [0x0000000003757e40+0x66]
j  java.security.ProtectionDomain$JavaSecurityAccessImpl.doIntersectionPrivilege(Ljava/security/PrivilegedAction;Ljava/security/AccessControlContext;Ljava/security/AccessControlContext;)Ljava/lang/Object;+18
j  java.awt.EventQueue.dispatchEvent(Ljava/awt/AWTEvent;)V+73
j  java.awt.EventDispatchThread.pumpOneEventForFilters(I)V+140
j  java.awt.EventDispatchThread.pumpEventsForFilter(ILjava/awt/Conditional;Ljava/awt/EventFilter;)V+35
j  java.awt.EventDispatchThread.pumpEventsForHierarchy(ILjava/awt/Conditional;Ljava/awt/Component;)V+11
j  java.awt.EventDispatchThread.pumpEvents(ILjava/awt/Conditional;)V+4
j  java.awt.EventDispatchThread.pumpEvents(Ljava/awt/Conditional;)V+3
j  java.awt.EventDispatchThread.run()V+9
v  ~StubRoutines::call_stub

---------------  P R O C E S S  ---------------

Java Threads: ( => current thread )
  0x0000000003395000 JavaThread "DestroyJavaVM" [_thread_blocked, id=12928, stack(0x00000000031f0000,0x00000000032f0000)]
=>0x000000003c25f000 JavaThread "AWT-EventQueue-0" [_thread_in_vm, id=2840, stack(0x000000003d2e0000,0x000000003d3e0000)]
  0x000000003c20b800 JavaThread "AWT-Windows" daemon [_thread_in_native, id=8592, stack(0x000000003c8f0000,0x000000003c9f0000)]
  0x000000003c209000 JavaThread "AWT-Shutdown" [_thread_blocked, id=25092, stack(0x000000003c7f0000,0x000000003c8f0000)]
  0x000000003c208800 JavaThread "Java2D Disposer" daemon [_thread_blocked, id=1512, stack(0x000000003c6f0000,0x000000003c7f0000)]
  0x000000003afa0800 JavaThread "Service Thread" daemon [_thread_blocked, id=19784, stack(0x000000003bbb0000,0x000000003bcb0000)]
  0x000000003af0e800 JavaThread "C1 CompilerThread3" daemon [_thread_blocked, id=1376, stack(0x000000003bab0000,0x000000003bbb0000)]
  0x000000003af0b800 JavaThread "C2 CompilerThread2" daemon [_thread_blocked, id=11920, stack(0x000000003b9b0000,0x000000003bab0000)]
  0x000000003aefa800 JavaThread "C2 CompilerThread1" daemon [_thread_blocked, id=5392, stack(0x000000003b8b0000,0x000000003b9b0000)]
  0x000000003aef8000 JavaThread "C2 CompilerThread0" daemon [_thread_blocked, id=15928, stack(0x000000003b7b0000,0x000000003b8b0000)]
  0x000000003aef2000 JavaThread "Attach Listener" daemon [_thread_blocked, id=15484, stack(0x000000003b6b0000,0x000000003b7b0000)]
  0x000000003aef1000 JavaThread "Signal Dispatcher" daemon [_thread_blocked, id=22288, stack(0x000000003b5b0000,0x000000003b6b0000)]
  0x000000003aee1800 JavaThread "Finalizer" daemon [_thread_blocked, id=23256, stack(0x000000003b3c0000,0x000000003b4c0000)]
  0x000000003aee0800 JavaThread "Reference Handler" daemon [_thread_blocked, id=5032, stack(0x000000003b2c0000,0x000000003b3c0000)]

Other Threads:
  0x00000000390e9000 VMThread [stack: 0x000000003adc0000,0x000000003aec0000] [id=18780]
  0x000000003afcb000 WatcherThread [stack: 0x000000003bcb0000,0x000000003bdb0000] [id=8384]

VM state:not at safepoint (normal execution)

VM Mutex/Monitor currently owned by a thread: None

heap address: 0x00000003c0000000, size: 16384 MB, Compressed Oops mode: Zero based, Oop shift amount: 3
Narrow klass base: 0x0000000000000000, Narrow klass shift: 3
Compressed class space size: 1073741824 Address: 0x00000007c0000000

Heap:
 PSYoungGen      total 76288K, used 14401K [0x000000066ab00000, 0x0000000670000000, 0x00000007c0000000)
  eden space 65536K, 21% used [0x000000066ab00000,0x000000066b910580,0x000000066eb00000)
  from space 10752K, 0% used [0x000000066f580000,0x000000066f580000,0x0000000670000000)
  to   space 10752K, 0% used [0x000000066eb00000,0x000000066eb00000,0x000000066f580000)
 ParOldGen       total 175104K, used 0K [0x00000003c0000000, 0x00000003cab00000, 0x000000066ab00000)
  object space 175104K, 0% used [0x00000003c0000000,0x00000003c0000000,0x00000003cab00000)
 Metaspace       used 12978K, capacity 13140K, committed 13312K, reserved 1060864K
  class space    used 1670K, capacity 1736K, committed 1792K, reserved 1048576K

Card table byte_map: [0x0000000012850000,0x0000000014860000] byte_map_base: 0x0000000010a50000

Marking Bits: (ParMarkBitMap*) 0x000000006929af90
 Begin Bits: [0x00000000165c0000, 0x00000000265c0000)
 End Bits:   [0x00000000265c0000, 0x00000000365c0000)

Polling page: 0x00000000013c0000

CodeCache: size=245760Kb used=2893Kb max_used=2893Kb free=242866Kb
 bounds [0x0000000003490000, 0x0000000003770000, 0x0000000012490000]
 total_blobs=1309 nmethods=809 adapters=413
 compilation: enabled

Compilation events (10 events):
Event: 2.281 Thread 0x000000003af0e800  805       3       java.lang.String::<init> (15 bytes)
Event: 2.281 Thread 0x000000003af0e800 nmethod 805 0x0000000003763310 code [0x00000000037634a0, 0x0000000003763888]
Event: 2.281 Thread 0x000000003af0e800  803       1       java.lang.StringCoding$StringEncoder::requestedCharsetName (5 bytes)
Event: 2.281 Thread 0x000000003af0e800 nmethod 803 0x0000000003763a50 code [0x0000000003763ba0, 0x0000000003763cb0]
Event: 2.283 Thread 0x000000003af0e800  807       1       java.security.ProtectionDomain::getCodeSource (5 bytes)
Event: 2.283 Thread 0x000000003af0e800 nmethod 807 0x0000000003763d10 code [0x0000000003763e60, 0x0000000003763f70]
Event: 2.448 Thread 0x000000003af0e800  809       3       java.io.InputStream::<init> (5 bytes)
Event: 2.448 Thread 0x000000003af0e800 nmethod 809 0x0000000003763fd0 code [0x0000000003764140, 0x00000000037642f0]
Event: 2.448 Thread 0x000000003af0e800  808       1       sun.misc.URLClassPath$JarLoader::access$700 (5 bytes)
Event: 2.448 Thread 0x000000003af0e800 nmethod 808 0x00000000037643d0 code [0x0000000003764520, 0x0000000003764610]

GC Heap History (0 events):
No events

Deoptimization events (6 events):
Event: 0.121 Thread 0x0000000003395000 Uncommon trap: reason=unstable_if action=reinterpret pc=0x00000000035b3d48 method=java.lang.String.hashCode()I @ 14
Event: 0.381 Thread 0x000000003c20b800 Uncommon trap: reason=unstable_if action=reinterpret pc=0x00000000036bbc40 method=java.util.HashMap.putVal(ILjava/lang/Object;Ljava/lang/Object;ZZ)Ljava/lang/Object; @ 206
Event: 0.381 Thread 0x000000003c20b800 Uncommon trap: reason=unstable_if action=reinterpret pc=0x00000000036b5534 method=java.util.HashMap.putVal(ILjava/lang/Object;Ljava/lang/Object;ZZ)Ljava/lang/Object; @ 206
Event: 0.381 Thread 0x000000003c20b800 Uncommon trap: reason=unstable_if action=reinterpret pc=0x00000000035b3fc0 method=java.lang.CharacterData.of(I)Ljava/lang/CharacterData; @ 4
Event: 0.496 Thread 0x000000003c25f000 Uncommon trap: reason=unstable_if action=reinterpret pc=0x0000000003719f7c method=java.awt.MultipleGradientPaintContext.indexIntoGradientsArrays(F)I @ 13
Event: 2.174 Thread 0x000000003c25f000 Uncommon trap: reason=class_check action=maybe_recompile pc=0x000000000363c174 method=java.lang.String.equals(Ljava/lang/Object;)Z @ 8

Classes redefined (0 events):
No events

Internal exceptions (10 events):
Event: 0.260 Thread 0x0000000003395000 Exception <a 'java/lang/ClassNotFoundException': ToolTip> (0x000000066b1c22c8) thrown at [C:\jenkins\workspace\8-2-build-windows-amd64-cygwin\jdk8u251\737\hotspot\src\share\vm\classfile\systemDictionary.cpp, line 210]
Event: 0.261 Thread 0x0000000003395000 Exception <a 'java/lang/ClassNotFoundException': Tree> (0x000000066b1c2ee8) thrown at [C:\jenkins\workspace\8-2-build-windows-amd64-cygwin\jdk8u251\737\hotspot\src\share\vm\classfile\systemDictionary.cpp, line 210]
Event: 0.261 Thread 0x0000000003395000 Exception <a 'java/lang/ClassNotFoundException': Tree> (0x000000066b1c3628) thrown at [C:\jenkins\workspace\8-2-build-windows-amd64-cygwin\jdk8u251\737\hotspot\src\share\vm\classfile\systemDictionary.cpp, line 210]
Event: 0.261 Thread 0x0000000003395000 Exception <a 'java/lang/ClassNotFoundException': javax/swing/JTreeCell> (0x000000066b1c39a8) thrown at [C:\jenkins\workspace\8-2-build-windows-amd64-cygwin\jdk8u251\737\hotspot\src\share\vm\classfile\systemDictionary.cpp, line 210]
Event: 0.261 Thread 0x0000000003395000 Exception <a 'java/lang/ClassNotFoundException': TreeCell> (0x000000066b1c3e30) thrown at [C:\jenkins\workspace\8-2-build-windows-amd64-cygwin\jdk8u251\737\hotspot\src\share\vm\classfile\systemDictionary.cpp, line 210]
Event: 0.262 Thread 0x0000000003395000 Exception <a 'java/lang/ClassNotFoundException': RootPane> (0x000000066b1c4890) thrown at [C:\jenkins\workspace\8-2-build-windows-amd64-cygwin\jdk8u251\737\hotspot\src\share\vm\classfile\systemDictionary.cpp, line 210]
Event: 2.448 Thread 0x000000003c25f000 Exception <a 'java/lang/NoSuchMethodError': setNoOutputs> (0x000000066b8e2048) thrown at [C:\jenkins\workspace\8-2-build-windows-amd64-cygwin\jdk8u251\737\hotspot\src\share\vm\prims\jni.cpp, line 1582]
Event: 2.448 Thread 0x000000003c25f000 Exception <a 'java/lang/NoSuchMethodError': setOutputName> (0x000000066b8e2480) thrown at [C:\jenkins\workspace\8-2-build-windows-amd64-cygwin\jdk8u251\737\hotspot\src\share\vm\prims\jni.cpp, line 1582]
Event: 2.448 Thread 0x000000003c25f000 Exception <a 'java/lang/NoSuchMethodError': setNoInputs> (0x000000066b8e28b0) thrown at [C:\jenkins\workspace\8-2-build-windows-amd64-cygwin\jdk8u251\737\hotspot\src\share\vm\prims\jni.cpp, line 1582]
Event: 2.448 Thread 0x000000003c25f000 Exception <a 'java/lang/NoSuchMethodError': setInputName> (0x000000066b8e2ce0) thrown at [C:\jenkins\workspace\8-2-build-windows-amd64-cygwin\jdk8u251\737\hotspot\src\share\vm\prims\jni.cpp, line 1582]

Events (10 events):
Event: 2.283 loading class com/lti/civil/CaptureSystem
Event: 2.283 loading class com/lti/civil/CaptureSystem done
Event: 2.283 loading class com/lti/civil/impl/jni/Peered
Event: 2.283 loading class com/lti/civil/impl/jni/Peered done
Event: 2.447 loading class com/lti/civil/impl/jni/NativeCaptureDeviceInfo
Event: 2.447 loading class com/lti/civil/impl/jni/NativeCaptureDeviceInfo done
Event: 2.447 loading class com/lti/civil/CaptureDeviceInfo
Event: 2.447 loading class com/lti/civil/CaptureDeviceInfo done
Event: 2.448 loading class com/lti/civil/impl/common/CaptureDeviceInfoImpl
Event: 2.448 loading class com/lti/civil/impl/common/CaptureDeviceInfoImpl done


Dynamic libraries:
0x00007ff62d5c0000 - 0x00007ff62d5f7000 	C:\Program Files\Java\jdk1.8.0_251\bin\java.exe
0x00007ffbfa920000 - 0x00007ffbfab10000 	C:\Windows\SYSTEM32\ntdll.dll
0x00007ffbf9430000 - 0x00007ffbf94e2000 	C:\Windows\System32\KERNEL32.DLL
0x00007ffbf7da0000 - 0x00007ffbf8045000 	C:\Windows\System32\KERNELBASE.dll
0x00007ffbfa580000 - 0x00007ffbfa623000 	C:\Windows\System32\ADVAPI32.dll
0x00007ffbf9c60000 - 0x00007ffbf9cfe000 	C:\Windows\System32\msvcrt.dll
0x00007ffbfa460000 - 0x00007ffbfa4f7000 	C:\Windows\System32\sechost.dll
0x00007ffbfa320000 - 0x00007ffbfa440000 	C:\Windows\System32\RPCRT4.dll
0x00007ffbf8e20000 - 0x00007ffbf8fb4000 	C:\Windows\System32\USER32.dll
0x00007ffbf88f0000 - 0x00007ffbf8911000 	C:\Windows\System32\win32u.dll
0x00007ffbf8ad0000 - 0x00007ffbf8af6000 	C:\Windows\System32\GDI32.dll
0x00007ffbf7c00000 - 0x00007ffbf7d96000 	C:\Windows\System32\gdi32full.dll
0x00007ffbf79e0000 - 0x00007ffbf7a7e000 	C:\Windows\System32\msvcp_win.dll
0x00007ffbf7a80000 - 0x00007ffbf7b7a000 	C:\Windows\System32\ucrtbase.dll
0x00007ffbe67d0000 - 0x00007ffbe6a54000 	C:\Windows\WinSxS\amd64_microsoft.windows.common-controls_6595b64144ccf1df_6.0.18362.1256_none_9e7e379be45e40e2\COMCTL32.dll
0x00007ffbf9db0000 - 0x00007ffbfa0e6000 	C:\Windows\System32\combase.dll
0x00007ffbf80b0000 - 0x00007ffbf8131000 	C:\Windows\System32\bcryptPrimitives.dll
0x00007ffbf89d0000 - 0x00007ffbf89fe000 	C:\Windows\System32\IMM32.DLL
0x0000000069b90000 - 0x0000000069c62000 	C:\Program Files\Java\jdk1.8.0_251\jre\bin\msvcr100.dll
0x0000000068a70000 - 0x000000006931b000 	C:\Program Files\Java\jdk1.8.0_251\jre\bin\server\jvm.dll
0x00007ffbf9c50000 - 0x00007ffbf9c58000 	C:\Windows\System32\PSAPI.DLL
0x00007ffbee000000 - 0x00007ffbee024000 	C:\Windows\SYSTEM32\WINMM.dll
0x00007ffbf4140000 - 0x00007ffbf4149000 	C:\Windows\SYSTEM32\WSOCK32.dll
0x00007ffbf1060000 - 0x00007ffbf106a000 	C:\Windows\SYSTEM32\VERSION.dll
0x00007ffbfa0f0000 - 0x00007ffbfa15f000 	C:\Windows\System32\WS2_32.dll
0x00007ffbeddc0000 - 0x00007ffbedded000 	C:\Windows\SYSTEM32\WINMMBASE.dll
0x00007ffbf7bb0000 - 0x00007ffbf7bfa000 	C:\Windows\System32\cfgmgr32.dll
0x00007ffbf2840000 - 0x00007ffbf284f000 	C:\Program Files\Java\jdk1.8.0_251\jre\bin\verify.dll
0x00007ffbedfd0000 - 0x00007ffbedff9000 	C:\Program Files\Java\jdk1.8.0_251\jre\bin\java.dll
0x00007ffbeec30000 - 0x00007ffbeec46000 	C:\Program Files\Java\jdk1.8.0_251\jre\bin\zip.dll
0x00007ffbf9560000 - 0x00007ffbf9c47000 	C:\Windows\System32\SHELL32.dll
0x00007ffbfa630000 - 0x00007ffbfa6d9000 	C:\Windows\System32\shcore.dll
0x00007ffbf8140000 - 0x00007ffbf88c1000 	C:\Windows\System32\windows.storage.dll
0x00007ffbf77f0000 - 0x00007ffbf7813000 	C:\Windows\System32\profapi.dll
0x00007ffbf7840000 - 0x00007ffbf788a000 	C:\Windows\System32\powrprof.dll
0x00007ffbf77c0000 - 0x00007ffbf77d0000 	C:\Windows\System32\UMPDC.dll
0x00007ffbf8a70000 - 0x00007ffbf8ac2000 	C:\Windows\System32\shlwapi.dll
0x00007ffbf77d0000 - 0x00007ffbf77e1000 	C:\Windows\System32\kernel.appcore.dll
0x00007ffbf88d0000 - 0x00007ffbf88e7000 	C:\Windows\System32\cryptsp.dll
0x00007ffbc5f40000 - 0x00007ffbc60da000 	C:\Program Files\Java\jdk1.8.0_251\jre\bin\awt.dll
0x00007ffbfa6e0000 - 0x00007ffbfa7a5000 	C:\Windows\System32\OLEAUT32.dll
0x00007ffbf58e0000 - 0x00007ffbf596f000 	C:\Windows\SYSTEM32\apphelp.dll
0x00007ffbf5a20000 - 0x00007ffbf5ab9000 	C:\Windows\system32\uxtheme.dll
0x00007ffbfa1e0000 - 0x00007ffbfa315000 	C:\Windows\System32\MSCTF.dll
0x00007ffbf8b00000 - 0x00007ffbf8c57000 	C:\Windows\System32\ole32.dll
0x00007ffbf5f20000 - 0x00007ffbf5f4d000 	C:\Windows\system32\DWMAPI.DLL
0x00007ffbe0a00000 - 0x00007ffbe0a49000 	C:\Program Files\Java\jdk1.8.0_251\jre\bin\fontmanager.dll
0x00007ffbdd890000 - 0x00007ffbdd9e6000 	C:\Windows\system32\opengl32.dll
0x00007ffbf05c0000 - 0x00007ffbf05ec000 	C:\Windows\SYSTEM32\GLU32.dll
0x00007ffbf6430000 - 0x00007ffbf6450000 	C:\Windows\SYSTEM32\dxcore.dll
0x00007ffbedf00000 - 0x00007ffbedf1a000 	C:\Program Files\Java\jdk1.8.0_251\jre\bin\net.dll
0x00007ffbf6fc0000 - 0x00007ffbf7027000 	C:\Windows\system32\mswsock.dll
0x00007ffbed100000 - 0x00007ffbed112000 	C:\Program Files\Java\jdk1.8.0_251\jre\bin\nio.dll
0x00007ffbe09b0000 - 0x00007ffbe09f2000 	C:\Program Files\Java\jdk1.8.0_251\jre\bin\t2k.dll
0x00007ffbf0690000 - 0x00007ffbf072e000 	C:\Windows\System32\TextInputFramework.dll
0x00007ffbdc320000 - 0x00007ffbdc64a000 	C:\Windows\System32\CoreUIComponents.dll
0x00007ffbf5230000 - 0x00007ffbf5304000 	C:\Windows\System32\CoreMessaging.dll
0x00007ffbf3d80000 - 0x00007ffbf3ed3000 	C:\Windows\SYSTEM32\wintypes.dll
0x00007ffbf67c0000 - 0x00007ffbf67f1000 	C:\Windows\SYSTEM32\ntmarta.dll
0x00007ffbe0440000 - 0x00007ffbe046a000 	C:\Program Files\Java\jdk1.8.0_251\jre\bin\dcpr.dll
0x00007ffbe9ae0000 - 0x00007ffbe9d87000 	C:\Windows\System32\iertutil.dll
0x00007ffbe0950000 - 0x00007ffbe097c000 	C:\Dropbox\NetbeansProjects\OpenCezeriLibrary\civil.dll
0x00007ffbf9d00000 - 0x00007ffbf9da2000 	C:\Windows\System32\clbcatq.dll
0x00007ffbf2640000 - 0x00007ffbf2658000 	C:\Windows\System32\devenum.dll
0x00007ffbf8fc0000 - 0x00007ffbf9430000 	C:\Windows\System32\setupapi.dll
0x00007ffbf7b80000 - 0x00007ffbf7ba6000 	C:\Windows\System32\bcrypt.dll
0x00007ffbf75b0000 - 0x00007ffbf75da000 	C:\Windows\SYSTEM32\DEVOBJ.dll
0x00007ffbf8050000 - 0x00007ffbf80ac000 	C:\Windows\System32\WINTRUST.dll
0x00007ffbf7820000 - 0x00007ffbf7832000 	C:\Windows\System32\MSASN1.dll
0x00007ffbf7890000 - 0x00007ffbf79d9000 	C:\Windows\System32\CRYPT32.dll
0x00007ffbee950000 - 0x00007ffbee95b000 	C:\Windows\SYSTEM32\msdmo.dll
0x00007ffbe0910000 - 0x00007ffbe0944000 	C:\Windows\System32\qcap.dll
0x00007ffbc5d70000 - 0x00007ffbc5f34000 	C:\Windows\System32\quartz.dll
0x00007ffbdf410000 - 0x00007ffbdf45c000 	C:\Windows\System32\mfksproxy.dll
0x00007ffbe2ec0000 - 0x00007ffbe2edc000 	C:\Windows\System32\ATL.DLL
0x00007ffbdd670000 - 0x00007ffbdd86a000 	C:\Windows\System32\MFPlat.DLL
0x00007ffbedeb0000 - 0x00007ffbededf000 	C:\Windows\System32\RTWorkQ.DLL
0x00007ffbdf3b0000 - 0x00007ffbdf40c000 	C:\Windows\System32\MFSENSORGROUP.dll
0x00007ffbdf360000 - 0x00007ffbdf3ad000 	C:\Windows\System32\ksproxy.ax
0x00007ffbf2880000 - 0x00007ffbf2889000 	C:\Windows\System32\ksuser.dll
0x00007ffbc2c10000 - 0x00007ffbc2dd7000 	C:\Windows\System32\d3d9.dll
0x00007ffbf22f0000 - 0x00007ffbf2379000 	C:\Windows\SYSTEM32\policymanager.dll
0x00007ffbf2150000 - 0x00007ffbf21da000 	C:\Windows\System32\msvcp110_win.dll
0x00007ffbf0aa0000 - 0x00007ffbf0aad000 	C:\Windows\System32\vidcap.ax
0x00007ffbdf330000 - 0x00007ffbdf356000 	C:\Windows\System32\kswdmcap.ax
0x00007ffbc8f90000 - 0x00007ffbc90f2000 	C:\Windows\System32\MFC42.dll
0x00007ffbef030000 - 0x00007ffbef224000 	C:\Windows\SYSTEM32\dbghelp.dll

VM Arguments:
jvm_args: -Dfile.encoding=UTF-8 -Xms256M -Xmx16G -Djava.security.policy=applet.policy 
java_command: test.TestCameraFrame
java_class_path (initial): C:\Dropbox\NetbeansProjects\OpenCezeriLibrary\lib\Filters.jar;C:\Dropbox\NetbeansProjects\OpenCezeriLibrary\lib\weka.jar;C:\Dropbox\NetbeansProjects\OpenCezeriLibrary\lib\ij.jar;C:\Dropbox\NetbeansProjects\OpenCezeriLibrary\lib\lti-civil.jar;C:\Dropbox\NetbeansProjects\OpenCezeriLibrary\lib\Jama-1.0.3.jar;C:\Dropbox\NetbeansProjects\OpenCezeriLibrary\lib\opencsv-2.3.jar;C:\Dropbox\NetbeansProjects\OpenCezeriLibrary\lib\NeuralNetwork.jar;C:\Dropbox\NetbeansProjects\OpenCezeriLibrary\lib\lti-civil-no_s_w_t.jar;C:\Dropbox\NetbeansProjects\OpenCezeriLibrary\lib\lti-civil-noswt.jar;C:\Dropbox\NetbeansProjects\OpenCezeriLibrary\lib\jsoup-1.12.1.jar;C:\Dropbox\NetbeansProjects\OpenCezeriLibrary\lib\lti-civil-noutils.jar;C:\Dropbox\NetbeansProjects\OpenCezeriLibrary\lib\bridj-0.6.2.jar;C:\Dropbox\NetbeansProjects\OpenCezeriLibrary\lib\slf4j-api-1.7.2.jar;C:\Dropbox\NetbeansProjects\OpenCezeriLibrary\lib\slf4j-simple-1.6.2.jar;C:\Dropbox\NetbeansProjects\OpenCezeriLibrary\lib\RXTXcomm.jar;C:\Dropbox\NetbeansProjects\OpenCezeriLibrary\lib\webcam-capture-0.3.12.jar;C:\Dropbox\NetbeansProjects\OpenCezeriLibrary\lib\jna-4.1.0.jar;C:\Dropbox\NetbeansProjects\OpenCezeriLibrary\lib\openkinect_processing.jar;C:\Dropbox\NetbeansProjects\OpenCezeriLibrary\lib\processing_3.2\core.jar;C:\Dropbox\NetbeansProjects\OpenCezeriLibrary\lib\processing_3.2\gluegen-rt-natives-linux-amd64.jar;C:\Dropbox\NetbeansProjects\OpenCezeriLibrary\lib\processing_3.2\gluegen-rt-natives-linux-armv6hf.jar;C:\Dropbox\NetbeansProjects\OpenCezeriLibrary\lib\processing_3.2\gluegen-rt-natives-linux-i586.jar;C:\Dropbox\NetbeansProjects\OpenCezeriLibrary\lib\processing_3.2\gluegen-rt-natives-macosx-universal.jar;C:\Dropbox\NetbeansProjects\OpenCezeriLibrary\lib\processing_3.2\gluegen-rt-natives-windows-amd64.jar;C:\Dropbox\NetbeansProjects\OpenCezeriLibrary\lib\processing_3.2\gluegen-rt-natives-windows-i586.jar;C:\Dropbox\NetbeansProjects\OpenCezeriLibrary\lib\processing_3.2\gluegen-rt.j
Launcher Type: SUN_STANDARD

Environment Variables:
JAVA_HOME=C:\Program Files\Java\jdk1.8.0_251
PATH=C:\Program Files\NVIDIA GPU Computing Toolkit\CUDA\v10.1\bin;C:\Program Files\NVIDIA GPU Computing Toolkit\CUDA\v10.1\libnvvp;C:\Program Files\Common Files\Oracle\Java\javapath;C:\Program Files\NVIDIA GPU Computing Toolkit\CUDA\v11.1\bin;C:\Program Files\NVIDIA GPU Computing Toolkit\CUDA\v11.1\libnvvp;C:\Program Files (x86)\Common Files\Oracle\Java\javapath;C:\Windows\system32;C:\Windows;C:\Windows\System32\Wbem;C:\Windows\System32\WindowsPowerShell\v1.0\;C:\Windows\System32\OpenSSH\;C:\Program Files (x86)\NVIDIA Corporation\PhysX\Common;C:\apache-maven-3.6.3\bin;C:\Program Files\Java\jdk1.8.0_251\bin;C:\Program Files (x86)\Windows Live\Shared;C:\Program Files\Git\cmd;C:\Program Files\NVIDIA Corporation\NVIDIA NvDLISR;C:\flutter\bin;C:\Program Files\nodejs\;C:\Users\cezerilab\AppData\Local\Programs\Python\Python39\;C:\Program Files\NVIDIA Corporation\Nsight Compute 2019.4.0\;C:\Program Files\dotnet\;C:\Users\cezerilab\AppData\Local\Programs\Python\Python39\Scripts\;C:\Users\cezerilab\AppData\Local\Programs\Python\Python39\;C:\Users\cezerilab\AppData\Local\Microsoft\WindowsApps;;C:\Program Files\JetBrains\IntelliJ IDEA Community Edition 2020.1.2\bin;;C:\Users\cezerilab\AppData\Roaming\npm;C:\Program Files\CMake\bin;C:\Users\cezerilab\.dotnet\tools
USERNAME=cezerilab
OS=Windows_NT
PROCESSOR_IDENTIFIER=Intel64 Family 6 Model 60 Stepping 3, GenuineIntel



---------------  S Y S T E M  ---------------

OS: Windows 10.0 , 64 bit Build 18362 (10.0.18362.1110)

CPU:total 8 (initial active 8) (4 cores per cpu, 2 threads per core) family 6 model 60 stepping 3, cmov, cx8, fxsr, mmx, sse, sse2, sse3, ssse3, sse4.1, sse4.2, popcnt, avx, avx2, aes, clmul, erms, lzcnt, ht, tsc, tscinvbit, bmi1, bmi2

Memory: 4k page, physical 16460988k(9005704k free), swap 19673460k(9557560k free)

vm_info: Java HotSpot(TM) 64-Bit Server VM (25.251-b08) for windows-amd64 JRE (1.8.0_251-b08), built on Mar 12 2020 06:31:49 by "" with MS VC++ 10.0 (VS2010)

time: Sun Dec 27 15:09:39 2020
timezone: Türkiye Standart Saati
elapsed time: 2 seconds (0d 0h 0m 2s)

