#
# A fatal error has been detected by the Java Runtime Environment:
#
#  EXCEPTION_ACCESS_VIOLATION (0xc0000005) at pc=0x0000000075ebfbcd, pid=5904, tid=0x00000000000006f0
#
# JRE version: Java(TM) SE Runtime Environment (8.0_251-b08) (build 1.8.0_251-b08)
# Java VM: Java HotSpot(TM) 64-Bit Server VM (25.251-b08 mixed mode windows-amd64 compressed oops)
# Problematic frame:
# V  [jvm.dll+0x14fbcd]
#
# Failed to write core dump. Minidumps are not enabled by default on client versions of Windows
#
# If you would like to submit a bug report, please visit:
#   http://bugreport.java.com/bugreport/crash.jsp
#

---------------  T H R E A D  ---------------

Current thread (0x000000003ba78800):  JavaThread "AWT-EventQueue-0" [_thread_in_vm, id=1776, stack(0x000000003cab0000,0x000000003cbb0000)]

siginfo: ExceptionCode=0xc0000005, reading address 0x0000000000000000

Registers:
RAX=0x0000000000000000, RBX=0x000000003ba78800, RCX=0x000000003ba78800, RDX=0x000000066b8f9d88
RSP=0x000000003cbaca50, RBP=0x000000003cbacb48, RSI=0x0000000000000000, RDI=0x000000003ba789f8
R8 =0x0000000000000000, R9 =0x000000003cbacb48, R10=0x000000003ba78800, R11=0x000000003cbacae0
R12=0x000000003ba28588, R13=0x000000003ba28588, R14=0x0000000000d461a0, R15=0x0000000000cd2c20
RIP=0x0000000075ebfbcd, EFLAGS=0x0000000000010246

Top of Stack: (sp=0x000000003cbaca50)
0x000000003cbaca50:   000000003cbacc80 00000007c0067f20
0x000000003cbaca60:   000000003b979db8 000000003cbacab0
0x000000003cbaca70:   000000003ba78800 0000000075ddf41f
0x000000003cbaca80:   000000000000000e 00000000cd71f44c
0x000000003cbaca90:   000000003ba78800 000000003b81bc58
0x000000003cbacaa0:   000000003ba78800 000000003b81bc58
0x000000003cbacab0:   000000000000062e 00000000763817e0
0x000000003cbacac0:   0000000000000014 000000000000000e
0x000000003cbacad0:   000000003cbac970 000000003cbacb58
0x000000003cbacae0:   000000003ba28578 000000003ba789f8
0x000000003cbacaf0:   000000003ba789f8 00007ffb38f1110c
0x000000003cbacb00:   0000000000d4d510 000000003cbacc80
0x000000003cbacb10:   0000000000d24bf8 0000000000000000
0x000000003cbacb20:   0000000000d4d510 00007ffb38f11532
0x000000003cbacb30:   0000000000d4d510 000000003cbacc80
0x000000003cbacb40:   0000000000000000 0000000000000000 

Instructions: (pc=0x0000000075ebfbcd)
0x0000000075ebfbad:   00 48 83 7b 08 00 48 89 5c 24 50 48 c7 44 24 58
0x0000000075ebfbbd:   00 00 00 00 74 0a 48 8d 4c 24 50 e8 e3 f3 12 00
0x0000000075ebfbcd:   48 8b 06 c7 44 24 40 0e 00 00 00 48 8d 4c 24 70
0x0000000075ebfbdd:   48 8b 50 08 0f b7 42 24 48 8b 52 08 48 8b 54 c2 


Register to memory mapping:

RAX=0x0000000000000000 is an unknown value
RBX=0x000000003ba78800 is a thread
RCX=0x000000003ba78800 is a thread
RDX=0x000000066b8f9d88 is an oop
java.lang.NoSuchMethodError 
 - klass: 'java/lang/NoSuchMethodError'
RSP=0x000000003cbaca50 is pointing into the stack for thread: 0x000000003ba78800
RBP=0x000000003cbacb48 is pointing into the stack for thread: 0x000000003ba78800
RSI=0x0000000000000000 is an unknown value
RDI=0x000000003ba789f8 is an unknown value
R8 =0x0000000000000000 is an unknown value
R9 =0x000000003cbacb48 is pointing into the stack for thread: 0x000000003ba78800
R10=0x000000003ba78800 is a thread
R11=0x000000003cbacae0 is pointing into the stack for thread: 0x000000003ba78800
R12=0x000000003ba28588 is an unknown value
R13=0x000000003ba28588 is an unknown value
R14=0x0000000000d461a0 is an unknown value
R15=0x0000000000cd2c20 is an unknown value


Stack: [0x000000003cab0000,0x000000003cbb0000],  sp=0x000000003cbaca50,  free space=1010k
Native frames: (J=compiled Java code, j=interpreted, Vv=VM code, C=native code)
V  [jvm.dll+0x14fbcd]
C  [civil.dll+0x110c]
C  [civil.dll+0x1532]
C  0x0000000002c68c67

Java frames: (J=compiled Java code, j=interpreted, Vv=VM code)
j  com.lti.civil.impl.jni.NativeCaptureSystem.getCaptureDeviceInfoList()Ljava/util/List;+0
j  cezeri.device.webcam.WebCameraPanel.getCaptureDevices()Ljava/util/List;+26
j  cezeri.device.webcam.WebCameraControlPanel.btn_detectCDActionPerformed(Ljava/awt/event/ActionEvent;)V+4
j  cezeri.device.webcam.WebCameraControlPanel.access$900(Lcezeri/device/webcam/WebCameraControlPanel;Ljava/awt/event/ActionEvent;)V+2
j  cezeri.device.webcam.WebCameraControlPanel$10.actionPerformed(Ljava/awt/event/ActionEvent;)V+5
j  javax.swing.AbstractButton.fireActionPerformed(Ljava/awt/event/ActionEvent;)V+83
j  javax.swing.AbstractButton$Handler.actionPerformed(Ljava/awt/event/ActionEvent;)V+5
j  javax.swing.DefaultButtonModel.fireActionPerformed(Ljava/awt/event/ActionEvent;)V+34
j  javax.swing.DefaultButtonModel.setPressed(Z)V+117
j  javax.swing.plaf.basic.BasicButtonListener.mouseReleased(Ljava/awt/event/MouseEvent;)V+35
j  java.awt.Component.processMouseEvent(Ljava/awt/event/MouseEvent;)V+64
j  javax.swing.JComponent.processMouseEvent(Ljava/awt/event/MouseEvent;)V+23
j  java.awt.Component.processEvent(Ljava/awt/AWTEvent;)V+81
j  java.awt.Container.processEvent(Ljava/awt/AWTEvent;)V+18
j  java.awt.Component.dispatchEventImpl(Ljava/awt/AWTEvent;)V+589
j  java.awt.Container.dispatchEventImpl(Ljava/awt/AWTEvent;)V+42
j  java.awt.Component.dispatchEvent(Ljava/awt/AWTEvent;)V+2
j  java.awt.LightweightDispatcher.retargetMouseEvent(Ljava/awt/Component;ILjava/awt/event/MouseEvent;)V+349
j  java.awt.LightweightDispatcher.processMouseEvent(Ljava/awt/event/MouseEvent;)Z+155
j  java.awt.LightweightDispatcher.dispatchEvent(Ljava/awt/AWTEvent;)Z+50
j  java.awt.Container.dispatchEventImpl(Ljava/awt/AWTEvent;)V+12
j  java.awt.Window.dispatchEventImpl(Ljava/awt/AWTEvent;)V+19
j  java.awt.Component.dispatchEvent(Ljava/awt/AWTEvent;)V+2
j  java.awt.EventQueue.dispatchEventImpl(Ljava/awt/AWTEvent;Ljava/lang/Object;)V+41
j  java.awt.EventQueue.access$500(Ljava/awt/EventQueue;Ljava/awt/AWTEvent;Ljava/lang/Object;)V+3
j  java.awt.EventQueue$3.run()Ljava/lang/Void;+32
j  java.awt.EventQueue$3.run()Ljava/lang/Object;+1
v  ~StubRoutines::call_stub
j  java.security.AccessController.doPrivileged(Ljava/security/PrivilegedAction;Ljava/security/AccessControlContext;)Ljava/lang/Object;+0
j  java.security.ProtectionDomain$JavaSecurityAccessImpl.doIntersectionPrivilege(Ljava/security/PrivilegedAction;Ljava/security/AccessControlContext;Ljava/security/AccessControlContext;)Ljava/lang/Object;+18
j  java.security.ProtectionDomain$JavaSecurityAccessImpl.doIntersectionPrivilege(Ljava/security/PrivilegedAction;Ljava/security/AccessControlContext;)Ljava/lang/Object;+6
j  java.awt.EventQueue$4.run()Ljava/lang/Void;+11
j  java.awt.EventQueue$4.run()Ljava/lang/Object;+1
v  ~StubRoutines::call_stub
j  java.security.AccessController.doPrivileged(Ljava/security/PrivilegedAction;Ljava/security/AccessControlContext;)Ljava/lang/Object;+0
j  java.security.ProtectionDomain$JavaSecurityAccessImpl.doIntersectionPrivilege(Ljava/security/PrivilegedAction;Ljava/security/AccessControlContext;Ljava/security/AccessControlContext;)Ljava/lang/Object;+18
j  java.awt.EventQueue.dispatchEvent(Ljava/awt/AWTEvent;)V+73
j  java.awt.EventDispatchThread.pumpOneEventForFilters(I)V+140
j  java.awt.EventDispatchThread.pumpEventsForFilter(ILjava/awt/Conditional;Ljava/awt/EventFilter;)V+35
j  java.awt.EventDispatchThread.pumpEventsForHierarchy(ILjava/awt/Conditional;Ljava/awt/Component;)V+11
j  java.awt.EventDispatchThread.pumpEvents(ILjava/awt/Conditional;)V+4
j  java.awt.EventDispatchThread.pumpEvents(Ljava/awt/Conditional;)V+3
j  java.awt.EventDispatchThread.run()V+9
v  ~StubRoutines::call_stub

---------------  P R O C E S S  ---------------

Java Threads: ( => current thread )
  0x0000000002b55800 JavaThread "DestroyJavaVM" [_thread_blocked, id=4236, stack(0x0000000002a50000,0x0000000002b50000)]
=>0x000000003ba78800 JavaThread "AWT-EventQueue-0" [_thread_in_vm, id=1776, stack(0x000000003cab0000,0x000000003cbb0000)]
  0x000000003ba27000 JavaThread "AWT-Windows" daemon [_thread_in_native, id=11624, stack(0x000000003c0c0000,0x000000003c1c0000)]
  0x000000003ba24800 JavaThread "AWT-Shutdown" [_thread_blocked, id=5952, stack(0x000000003bfc0000,0x000000003c0c0000)]
  0x000000003b97f000 JavaThread "Java2D Disposer" daemon [_thread_blocked, id=8524, stack(0x000000003bec0000,0x000000003bfc0000)]
  0x000000003a76e800 JavaThread "Service Thread" daemon [_thread_blocked, id=14100, stack(0x000000003b380000,0x000000003b480000)]
  0x000000003a6e0800 JavaThread "C1 CompilerThread3" daemon [_thread_blocked, id=8896, stack(0x000000003b280000,0x000000003b380000)]
  0x000000003a6dd800 JavaThread "C2 CompilerThread2" daemon [_thread_blocked, id=8824, stack(0x000000003b180000,0x000000003b280000)]
  0x000000003a6d5800 JavaThread "C2 CompilerThread1" daemon [_thread_blocked, id=12824, stack(0x000000003b080000,0x000000003b180000)]
  0x000000003a6c9000 JavaThread "C2 CompilerThread0" daemon [_thread_blocked, id=9484, stack(0x000000003af80000,0x000000003b080000)]
  0x000000003a6c6800 JavaThread "Attach Listener" daemon [_thread_blocked, id=14112, stack(0x000000003ae80000,0x000000003af80000)]
  0x000000003a6c5000 JavaThread "Signal Dispatcher" daemon [_thread_blocked, id=7832, stack(0x000000003ad80000,0x000000003ae80000)]
  0x000000003a6b1800 JavaThread "Finalizer" daemon [_thread_blocked, id=11864, stack(0x000000003ab90000,0x000000003ac90000)]
  0x000000003a6b0800 JavaThread "Reference Handler" daemon [_thread_blocked, id=4652, stack(0x000000003aa90000,0x000000003ab90000)]

Other Threads:
  0x00000000388a9000 VMThread [stack: 0x000000003a590000,0x000000003a690000] [id=1932]
  0x000000003a771800 WatcherThread [stack: 0x000000003b480000,0x000000003b580000] [id=13316]

VM state:not at safepoint (normal execution)

VM Mutex/Monitor currently owned by a thread: None

heap address: 0x00000003c0000000, size: 16384 MB, Compressed Oops mode: Zero based, Oop shift amount: 3
Narrow klass base: 0x0000000000000000, Narrow klass shift: 3
Compressed class space size: 1073741824 Address: 0x00000007c0000000

Heap:
 PSYoungGen      total 76288K, used 14397K [0x000000066ab00000, 0x0000000670000000, 0x00000007c0000000)
  eden space 65536K, 21% used [0x000000066ab00000,0x000000066b90f578,0x000000066eb00000)
  from space 10752K, 0% used [0x000000066f580000,0x000000066f580000,0x0000000670000000)
  to   space 10752K, 0% used [0x000000066eb00000,0x000000066eb00000,0x000000066f580000)
 ParOldGen       total 175104K, used 0K [0x00000003c0000000, 0x00000003cab00000, 0x000000066ab00000)
  object space 175104K, 0% used [0x00000003c0000000,0x00000003c0000000,0x00000003cab00000)
 Metaspace       used 12979K, capacity 13144K, committed 13312K, reserved 1060864K
  class space    used 1670K, capacity 1736K, committed 1792K, reserved 1048576K

Card table byte_map: [0x0000000012010000,0x0000000014020000] byte_map_base: 0x0000000010210000

Marking Bits: (ParMarkBitMap*) 0x000000007659af90
 Begin Bits: [0x0000000015d80000, 0x0000000025d80000)
 End Bits:   [0x0000000025d80000, 0x0000000035d80000)

Polling page: 0x00000000007e0000

CodeCache: size=245760Kb used=2922Kb max_used=2922Kb free=242837Kb
 bounds [0x0000000002c50000, 0x0000000002f30000, 0x0000000011c50000]
 total_blobs=1315 nmethods=815 adapters=413
 compilation: enabled

Compilation events (10 events):
Event: 1.871 Thread 0x000000003a6e0800 nmethod 809 0x0000000002f29950 code [0x0000000002f29ae0, 0x0000000002f29ec8]
Event: 1.872 Thread 0x000000003a6e0800  811       3       java.util.Arrays::copyOf (19 bytes)
Event: 1.873 Thread 0x000000003a6e0800 nmethod 811 0x0000000002f2a090 code [0x0000000002f2a200, 0x0000000002f2a528]
Event: 1.873 Thread 0x000000003a6e0800  812       3       java.io.InputStream::<init> (5 bytes)
Event: 1.873 Thread 0x000000003a6e0800 nmethod 812 0x0000000002f2a650 code [0x0000000002f2a7c0, 0x0000000002f2a970]
Event: 1.873 Thread 0x000000003a6e0800  813       1       java.security.ProtectionDomain::getCodeSource (5 bytes)
Event: 1.873 Thread 0x000000003a6e0800 nmethod 813 0x0000000002f2aa50 code [0x0000000002f2aba0, 0x0000000002f2acb0]
Event: 2.008 Thread 0x000000003a6e0800  814       1       sun.misc.URLClassPath$JarLoader::access$700 (5 bytes)
Event: 2.008 Thread 0x000000003a6e0800 nmethod 814 0x0000000002f2ad10 code [0x0000000002f2ae60, 0x0000000002f2af50]
Event: 2.008 Thread 0x000000003a6e0800  815       3       java.util.WeakHashMap::remove (133 bytes)

GC Heap History (0 events):
No events

Deoptimization events (6 events):
Event: 0.129 Thread 0x0000000002b55800 Uncommon trap: reason=unstable_if action=reinterpret pc=0x0000000002d70fc8 method=java.lang.String.hashCode()I @ 14
Event: 0.396 Thread 0x000000003ba27000 Uncommon trap: reason=unstable_if action=reinterpret pc=0x0000000002e86000 method=java.util.HashMap.putVal(ILjava/lang/Object;Ljava/lang/Object;ZZ)Ljava/lang/Object; @ 206
Event: 0.396 Thread 0x000000003ba27000 Uncommon trap: reason=unstable_if action=reinterpret pc=0x0000000002e812f4 method=java.util.HashMap.putVal(ILjava/lang/Object;Ljava/lang/Object;ZZ)Ljava/lang/Object; @ 206
Event: 0.397 Thread 0x000000003ba27000 Uncommon trap: reason=unstable_if action=reinterpret pc=0x0000000002d74400 method=java.lang.CharacterData.of(I)Ljava/lang/CharacterData; @ 4
Event: 0.490 Thread 0x000000003ba78800 Uncommon trap: reason=unstable_if action=reinterpret pc=0x0000000002eda93c method=java.awt.MultipleGradientPaintContext.indexIntoGradientsArrays(F)I @ 13
Event: 1.756 Thread 0x000000003ba78800 Uncommon trap: reason=class_check action=maybe_recompile pc=0x0000000002dfe474 method=java.lang.String.equals(Ljava/lang/Object;)Z @ 8

Classes redefined (0 events):
No events

Internal exceptions (10 events):
Event: 0.274 Thread 0x0000000002b55800 Exception <a 'java/lang/ClassNotFoundException': ToolTip> (0x000000066b0ee7a8) thrown at [C:\jenkins\workspace\8-2-build-windows-amd64-cygwin\jdk8u251\737\hotspot\src\share\vm\classfile\systemDictionary.cpp, line 210]
Event: 0.275 Thread 0x0000000002b55800 Exception <a 'java/lang/ClassNotFoundException': Tree> (0x000000066b0ef3c8) thrown at [C:\jenkins\workspace\8-2-build-windows-amd64-cygwin\jdk8u251\737\hotspot\src\share\vm\classfile\systemDictionary.cpp, line 210]
Event: 0.275 Thread 0x0000000002b55800 Exception <a 'java/lang/ClassNotFoundException': Tree> (0x000000066b0efb08) thrown at [C:\jenkins\workspace\8-2-build-windows-amd64-cygwin\jdk8u251\737\hotspot\src\share\vm\classfile\systemDictionary.cpp, line 210]
Event: 0.275 Thread 0x0000000002b55800 Exception <a 'java/lang/ClassNotFoundException': javax/swing/JTreeCell> (0x000000066b0efe88) thrown at [C:\jenkins\workspace\8-2-build-windows-amd64-cygwin\jdk8u251\737\hotspot\src\share\vm\classfile\systemDictionary.cpp, line 210]
Event: 0.275 Thread 0x0000000002b55800 Exception <a 'java/lang/ClassNotFoundException': TreeCell> (0x000000066b0f0310) thrown at [C:\jenkins\workspace\8-2-build-windows-amd64-cygwin\jdk8u251\737\hotspot\src\share\vm\classfile\systemDictionary.cpp, line 210]
Event: 0.275 Thread 0x0000000002b55800 Exception <a 'java/lang/ClassNotFoundException': RootPane> (0x000000066b0f0d70) thrown at [C:\jenkins\workspace\8-2-build-windows-amd64-cygwin\jdk8u251\737\hotspot\src\share\vm\classfile\systemDictionary.cpp, line 210]
Event: 2.008 Thread 0x000000003ba78800 Exception <a 'java/lang/NoSuchMethodError': setNoOutputs> (0x000000066b8f90f0) thrown at [C:\jenkins\workspace\8-2-build-windows-amd64-cygwin\jdk8u251\737\hotspot\src\share\vm\prims\jni.cpp, line 1582]
Event: 2.008 Thread 0x000000003ba78800 Exception <a 'java/lang/NoSuchMethodError': setOutputName> (0x000000066b8f9528) thrown at [C:\jenkins\workspace\8-2-build-windows-amd64-cygwin\jdk8u251\737\hotspot\src\share\vm\prims\jni.cpp, line 1582]
Event: 2.008 Thread 0x000000003ba78800 Exception <a 'java/lang/NoSuchMethodError': setNoInputs> (0x000000066b8f9958) thrown at [C:\jenkins\workspace\8-2-build-windows-amd64-cygwin\jdk8u251\737\hotspot\src\share\vm\prims\jni.cpp, line 1582]
Event: 2.008 Thread 0x000000003ba78800 Exception <a 'java/lang/NoSuchMethodError': setInputName> (0x000000066b8f9d88) thrown at [C:\jenkins\workspace\8-2-build-windows-amd64-cygwin\jdk8u251\737\hotspot\src\share\vm\prims\jni.cpp, line 1582]

Events (10 events):
Event: 1.872 loading class com/lti/civil/CaptureSystem
Event: 1.872 loading class com/lti/civil/CaptureSystem done
Event: 1.873 loading class com/lti/civil/impl/jni/Peered
Event: 1.873 loading class com/lti/civil/impl/jni/Peered done
Event: 2.008 loading class com/lti/civil/impl/jni/NativeCaptureDeviceInfo
Event: 2.008 loading class com/lti/civil/impl/jni/NativeCaptureDeviceInfo done
Event: 2.008 loading class com/lti/civil/CaptureDeviceInfo
Event: 2.008 loading class com/lti/civil/CaptureDeviceInfo done
Event: 2.008 loading class com/lti/civil/impl/common/CaptureDeviceInfoImpl
Event: 2.008 loading class com/lti/civil/impl/common/CaptureDeviceInfoImpl done


Dynamic libraries:
0x00007ff6c7640000 - 0x00007ff6c7677000 	C:\Program Files\Java\jdk1.8.0_251\bin\java.exe
0x00007ffb53dc0000 - 0x00007ffb53fb0000 	C:\Windows\SYSTEM32\ntdll.dll
0x00007ffb52e80000 - 0x00007ffb52f32000 	C:\Windows\System32\KERNEL32.DLL
0x00007ffb50ed0000 - 0x00007ffb51175000 	C:\Windows\System32\KERNELBASE.dll
0x00007ffb53aa0000 - 0x00007ffb53b43000 	C:\Windows\System32\ADVAPI32.dll
0x00007ffb52de0000 - 0x00007ffb52e7e000 	C:\Windows\System32\msvcrt.dll
0x00007ffb531b0000 - 0x00007ffb53247000 	C:\Windows\System32\sechost.dll
0x00007ffb52f40000 - 0x00007ffb53060000 	C:\Windows\System32\RPCRT4.dll
0x00007ffb532d0000 - 0x00007ffb53464000 	C:\Windows\System32\USER32.dll
0x00007ffb511b0000 - 0x00007ffb511d1000 	C:\Windows\System32\win32u.dll
0x00007ffb530d0000 - 0x00007ffb530f6000 	C:\Windows\System32\GDI32.dll
0x00007ffb50d30000 - 0x00007ffb50ec6000 	C:\Windows\System32\gdi32full.dll
0x00007ffb51dd0000 - 0x00007ffb51e6e000 	C:\Windows\System32\msvcp_win.dll
0x00007ffb51b10000 - 0x00007ffb51c0a000 	C:\Windows\System32\ucrtbase.dll
0x00007ffb41150000 - 0x00007ffb413d4000 	C:\Windows\WinSxS\amd64_microsoft.windows.common-controls_6595b64144ccf1df_6.0.18362.1256_none_9e7e379be45e40e2\COMCTL32.dll
0x00007ffb536f0000 - 0x00007ffb53a26000 	C:\Windows\System32\combase.dll
0x00007ffb511e0000 - 0x00007ffb51261000 	C:\Windows\System32\bcryptPrimitives.dll
0x00007ffb53d50000 - 0x00007ffb53d7e000 	C:\Windows\System32\IMM32.DLL
0x0000000075c90000 - 0x0000000075d62000 	C:\Program Files\Java\jdk1.8.0_251\jre\bin\msvcr100.dll
0x0000000075d70000 - 0x000000007661b000 	C:\Program Files\Java\jdk1.8.0_251\jre\bin\server\jvm.dll
0x00007ffb52790000 - 0x00007ffb52798000 	C:\Windows\System32\PSAPI.DLL
0x00007ffb49600000 - 0x00007ffb4960a000 	C:\Windows\SYSTEM32\VERSION.dll
0x00007ffb4d040000 - 0x00007ffb4d049000 	C:\Windows\SYSTEM32\WSOCK32.dll
0x00007ffb48170000 - 0x00007ffb48194000 	C:\Windows\SYSTEM32\WINMM.dll
0x00007ffb53060000 - 0x00007ffb530cf000 	C:\Windows\System32\WS2_32.dll
0x00007ffb47f30000 - 0x00007ffb47f5d000 	C:\Windows\SYSTEM32\winmmbase.dll
0x00007ffb51c30000 - 0x00007ffb51c7a000 	C:\Windows\System32\cfgmgr32.dll
0x00007ffb4cf60000 - 0x00007ffb4cf6f000 	C:\Program Files\Java\jdk1.8.0_251\jre\bin\verify.dll
0x00007ffb4c080000 - 0x00007ffb4c0a9000 	C:\Program Files\Java\jdk1.8.0_251\jre\bin\java.dll
0x00007ffb4b380000 - 0x00007ffb4b396000 	C:\Program Files\Java\jdk1.8.0_251\jre\bin\zip.dll
0x00007ffb520a0000 - 0x00007ffb52787000 	C:\Windows\System32\SHELL32.dll
0x00007ffb51ff0000 - 0x00007ffb52099000 	C:\Windows\System32\shcore.dll
0x00007ffb51320000 - 0x00007ffb51aa1000 	C:\Windows\System32\windows.storage.dll
0x00007ffb50cb0000 - 0x00007ffb50cd3000 	C:\Windows\System32\profapi.dll
0x00007ffb50ce0000 - 0x00007ffb50d2a000 	C:\Windows\System32\powrprof.dll
0x00007ffb50c60000 - 0x00007ffb50c70000 	C:\Windows\System32\UMPDC.dll
0x00007ffb53470000 - 0x00007ffb534c2000 	C:\Windows\System32\shlwapi.dll
0x00007ffb50c70000 - 0x00007ffb50c81000 	C:\Windows\System32\kernel.appcore.dll
0x00007ffb51c10000 - 0x00007ffb51c27000 	C:\Windows\System32\cryptsp.dll
0x00007ffb31a00000 - 0x00007ffb31b9a000 	C:\Program Files\Java\jdk1.8.0_251\jre\bin\awt.dll
0x00007ffb53c20000 - 0x00007ffb53ce5000 	C:\Windows\System32\OLEAUT32.dll
0x00007ffb4ed80000 - 0x00007ffb4ee0f000 	C:\Windows\SYSTEM32\apphelp.dll
0x00007ffb4eec0000 - 0x00007ffb4ef59000 	C:\Windows\system32\uxtheme.dll
0x00007ffb527a0000 - 0x00007ffb528d5000 	C:\Windows\System32\MSCTF.dll
0x00007ffb51e90000 - 0x00007ffb51fe7000 	C:\Windows\System32\ole32.dll
0x00007ffb4f4a0000 - 0x00007ffb4f4cd000 	C:\Windows\system32\DWMAPI.DLL
0x00007ffb4a3a0000 - 0x00007ffb4a3e9000 	C:\Program Files\Java\jdk1.8.0_251\jre\bin\fontmanager.dll
0x00007ffb24830000 - 0x00007ffb24986000 	C:\Windows\system32\opengl32.dll
0x00007ffb3c360000 - 0x00007ffb3c38c000 	C:\Windows\SYSTEM32\GLU32.dll
0x00007ffb4f8d0000 - 0x00007ffb4f8f0000 	C:\Windows\SYSTEM32\dxcore.dll
0x00007ffb4a410000 - 0x00007ffb4a42a000 	C:\Program Files\Java\jdk1.8.0_251\jre\bin\net.dll
0x00007ffb50460000 - 0x00007ffb504c7000 	C:\Windows\system32\mswsock.dll
0x00007ffb4a3f0000 - 0x00007ffb4a402000 	C:\Program Files\Java\jdk1.8.0_251\jre\bin\nio.dll
0x00007ffb477f0000 - 0x00007ffb47832000 	C:\Program Files\Java\jdk1.8.0_251\jre\bin\t2k.dll
0x00007ffb45050000 - 0x00007ffb450ee000 	C:\Windows\System32\TextInputFramework.dll
0x00007ffb38f40000 - 0x00007ffb3926a000 	C:\Windows\System32\CoreUIComponents.dll
0x00007ffb4e920000 - 0x00007ffb4e9f4000 	C:\Windows\System32\CoreMessaging.dll
0x00007ffb4cbe0000 - 0x00007ffb4cd33000 	C:\Windows\SYSTEM32\wintypes.dll
0x00007ffb4fc60000 - 0x00007ffb4fc91000 	C:\Windows\SYSTEM32\ntmarta.dll
0x00007ffb3c7b0000 - 0x00007ffb3c7da000 	C:\Program Files\Java\jdk1.8.0_251\jre\bin\dcpr.dll
0x00007ffb43780000 - 0x00007ffb43a27000 	C:\Windows\System32\iertutil.dll
0x00007ffb38f10000 - 0x00007ffb38f3c000 	C:\Dropbox\NetbeansProjects\OpenCezeriLibrary\civil.dll
0x00007ffb53100000 - 0x00007ffb531a2000 	C:\Windows\System32\clbcatq.dll
0x00007ffb3c430000 - 0x00007ffb3c448000 	C:\Windows\System32\devenum.dll
0x00007ffb528e0000 - 0x00007ffb52d50000 	C:\Windows\System32\setupapi.dll
0x00007ffb51180000 - 0x00007ffb511a6000 	C:\Windows\System32\bcrypt.dll
0x00007ffb50a50000 - 0x00007ffb50a7a000 	C:\Windows\SYSTEM32\DEVOBJ.dll
0x00007ffb51ab0000 - 0x00007ffb51b0c000 	C:\Windows\System32\WINTRUST.dll
0x00007ffb50c90000 - 0x00007ffb50ca2000 	C:\Windows\System32\MSASN1.dll
0x00007ffb51c80000 - 0x00007ffb51dc9000 	C:\Windows\System32\CRYPT32.dll
0x00007ffb3ccf0000 - 0x00007ffb3ccfb000 	C:\Windows\SYSTEM32\msdmo.dll
0x00007ffb31bb0000 - 0x00007ffb31be4000 	C:\Windows\System32\qcap.dll
0x00007ffafccb0000 - 0x00007ffafce74000 	C:\Windows\System32\quartz.dll
0x00007ffb2dc60000 - 0x00007ffb2dcac000 	C:\Windows\System32\mfksproxy.dll
0x00007ffb2eaa0000 - 0x00007ffb2eabc000 	C:\Windows\System32\ATL.DLL
0x00007ffb369d0000 - 0x00007ffb36bca000 	C:\Windows\System32\MFPlat.DLL
0x00007ffb49ec0000 - 0x00007ffb49eef000 	C:\Windows\System32\RTWorkQ.DLL
0x00007ffb2db20000 - 0x00007ffb2db7c000 	C:\Windows\System32\MFSENSORGROUP.dll
0x00007ffb2dad0000 - 0x00007ffb2db1d000 	C:\Windows\System32\ksproxy.ax
0x00007ffb244c0000 - 0x00007ffb24687000 	C:\Windows\System32\d3d9.dll
0x00007ffb4c170000 - 0x00007ffb4c179000 	C:\Windows\System32\ksuser.dll
0x00007ffb4b560000 - 0x00007ffb4b5e9000 	C:\Windows\SYSTEM32\policymanager.dll
0x00007ffb4b2b0000 - 0x00007ffb4b33a000 	C:\Windows\System32\msvcp110_win.dll
0x00007ffb3c840000 - 0x00007ffb3c84d000 	C:\Windows\System32\vidcap.ax
0x00007ffb2daa0000 - 0x00007ffb2dac6000 	C:\Windows\System32\kswdmcap.ax
0x00007ffafcb40000 - 0x00007ffafcca2000 	C:\Windows\System32\MFC42.dll
0x00007ffb45340000 - 0x00007ffb45534000 	C:\Windows\SYSTEM32\dbghelp.dll

VM Arguments:
jvm_args: -Dfile.encoding=UTF-8 -Xms256M -Xmx16G -Djava.security.policy=applet.policy 
java_command: test.TestCameraFrame
java_class_path (initial): C:\Dropbox\NetbeansProjects\OpenCezeriLibrary\lib\Filters.jar;C:\Dropbox\NetbeansProjects\OpenCezeriLibrary\lib\weka.jar;C:\Dropbox\NetbeansProjects\OpenCezeriLibrary\lib\ij.jar;C:\Dropbox\NetbeansProjects\OpenCezeriLibrary\lib\lti-civil.jar;C:\Dropbox\NetbeansProjects\OpenCezeriLibrary\lib\Jama-1.0.3.jar;C:\Dropbox\NetbeansProjects\OpenCezeriLibrary\lib\opencsv-2.3.jar;C:\Dropbox\NetbeansProjects\OpenCezeriLibrary\lib\NeuralNetwork.jar;C:\Dropbox\NetbeansProjects\OpenCezeriLibrary\lib\lti-civil-no_s_w_t.jar;C:\Dropbox\NetbeansProjects\OpenCezeriLibrary\lib\lti-civil-noswt.jar;C:\Dropbox\NetbeansProjects\OpenCezeriLibrary\lib\jsoup-1.12.1.jar;C:\Dropbox\NetbeansProjects\OpenCezeriLibrary\lib\lti-civil-noutils.jar;C:\Dropbox\NetbeansProjects\OpenCezeriLibrary\lib\bridj-0.6.2.jar;C:\Dropbox\NetbeansProjects\OpenCezeriLibrary\lib\slf4j-api-1.7.2.jar;C:\Dropbox\NetbeansProjects\OpenCezeriLibrary\lib\slf4j-simple-1.6.2.jar;C:\Dropbox\NetbeansProjects\OpenCezeriLibrary\lib\RXTXcomm.jar;C:\Dropbox\NetbeansProjects\OpenCezeriLibrary\lib\webcam-capture-0.3.12.jar;C:\Dropbox\NetbeansProjects\OpenCezeriLibrary\lib\jna-4.1.0.jar;C:\Dropbox\NetbeansProjects\OpenCezeriLibrary\lib\openkinect_processing.jar;C:\Dropbox\NetbeansProjects\OpenCezeriLibrary\lib\processing_3.2\core.jar;C:\Dropbox\NetbeansProjects\OpenCezeriLibrary\lib\processing_3.2\gluegen-rt-natives-linux-amd64.jar;C:\Dropbox\NetbeansProjects\OpenCezeriLibrary\lib\processing_3.2\gluegen-rt-natives-linux-armv6hf.jar;C:\Dropbox\NetbeansProjects\OpenCezeriLibrary\lib\processing_3.2\gluegen-rt-natives-linux-i586.jar;C:\Dropbox\NetbeansProjects\OpenCezeriLibrary\lib\processing_3.2\gluegen-rt-natives-macosx-universal.jar;C:\Dropbox\NetbeansProjects\OpenCezeriLibrary\lib\processing_3.2\gluegen-rt-natives-windows-amd64.jar;C:\Dropbox\NetbeansProjects\OpenCezeriLibrary\lib\processing_3.2\gluegen-rt-natives-windows-i586.jar;C:\Dropbox\NetbeansProjects\OpenCezeriLibrary\lib\processing_3.2\gluegen-rt.j
Launcher Type: SUN_STANDARD

Environment Variables:
JAVA_HOME=C:\Program Files\Java\jdk1.8.0_251
PATH=C:\Program Files\NVIDIA GPU Computing Toolkit\CUDA\v10.1\bin;C:\Program Files\NVIDIA GPU Computing Toolkit\CUDA\v10.1\libnvvp;C:\Program Files\Common Files\Oracle\Java\javapath;C:\Program Files\NVIDIA GPU Computing Toolkit\CUDA\v11.1\bin;C:\Program Files\NVIDIA GPU Computing Toolkit\CUDA\v11.1\libnvvp;C:\Program Files (x86)\Common Files\Oracle\Java\javapath;C:\Windows\system32;C:\Windows;C:\Windows\System32\Wbem;C:\Windows\System32\WindowsPowerShell\v1.0\;C:\Windows\System32\OpenSSH\;C:\Program Files (x86)\NVIDIA Corporation\PhysX\Common;C:\apache-maven-3.6.3\bin;C:\Program Files\Java\jdk1.8.0_251\bin;C:\Program Files (x86)\Windows Live\Shared;C:\Program Files\Git\cmd;C:\Program Files\NVIDIA Corporation\NVIDIA NvDLISR;C:\flutter\bin;C:\Program Files\nodejs\;C:\Users\cezerilab\AppData\Local\Programs\Python\Python39\;C:\Program Files\NVIDIA Corporation\Nsight Compute 2019.4.0\;C:\Program Files\dotnet\;C:\Users\cezerilab\AppData\Local\Programs\Python\Python39\Scripts\;C:\Users\cezerilab\AppData\Local\Programs\Python\Python39\;C:\Users\cezerilab\AppData\Local\Microsoft\WindowsApps;;C:\Program Files\JetBrains\IntelliJ IDEA Community Edition 2020.1.2\bin;;C:\Users\cezerilab\AppData\Roaming\npm;C:\Program Files\CMake\bin;C:\Users\cezerilab\.dotnet\tools
USERNAME=cezerilab
OS=Windows_NT
PROCESSOR_IDENTIFIER=Intel64 Family 6 Model 60 Stepping 3, GenuineIntel



---------------  S Y S T E M  ---------------

OS: Windows 10.0 , 64 bit Build 18362 (10.0.18362.1110)

CPU:total 8 (initial active 8) (4 cores per cpu, 2 threads per core) family 6 model 60 stepping 3, cmov, cx8, fxsr, mmx, sse, sse2, sse3, ssse3, sse4.1, sse4.2, popcnt, avx, avx2, aes, clmul, erms, lzcnt, ht, tsc, tscinvbit, bmi1, bmi2

Memory: 4k page, physical 16460988k(10063112k free), swap 20241488k(10304168k free)

vm_info: Java HotSpot(TM) 64-Bit Server VM (25.251-b08) for windows-amd64 JRE (1.8.0_251-b08), built on Mar 12 2020 06:31:49 by "" with MS VC++ 10.0 (VS2010)

time: Wed Dec 30 23:59:52 2020
timezone: Türkiye Standart Saati
elapsed time: 2 seconds (0d 0h 0m 2s)

