#
# There is insufficient memory for the Java Runtime Environment to continue.
# Native memory allocation (malloc) failed to allocate 32744 bytes for ChunkPool::allocate
# Possible reasons:
#   The system is out of physical RAM or swap space
#   In 32 bit mode, the process size limit was hit
# Possible solutions:
#   Reduce memory load on the system
#   Increase physical memory or swap space
#   Check if swap backing store is full
#   Use 64 bit Java on a 64 bit OS
#   Decrease Java heap size (-Xmx/-Xms)
#   Decrease number of Java threads
#   Decrease Java thread stack sizes (-Xss)
#   Set larger code cache with -XX:ReservedCodeCacheSize=
# This output file may be truncated or incomplete.
#
#  Out of Memory Error (allocation.cpp:273), pid=8208, tid=0x00000000000023f0
#
# JRE version: Java(TM) SE Runtime Environment (8.0_111-b14) (build 1.8.0_111-b14)
# Java VM: Java HotSpot(TM) 64-Bit Server VM (25.111-b14 mixed mode windows-amd64 compressed oops)
# Failed to write core dump. Minidumps are not enabled by default on client versions of Windows
#

---------------  T H R E A D  ---------------

Current thread (0x000000003b2fe800):  JavaThread "C1 CompilerThread10" daemon [_thread_in_native, id=9200, stack(0x000000003e5d0000,0x000000003e6d0000)]

Stack: [0x000000003e5d0000,0x000000003e6d0000]
[error occurred during error reporting (printing stack bounds), id 0xc0000005]

Native frames: (J=compiled Java code, j=interpreted, Vv=VM code, C=native code)


Current CompileTask:
C1:  52070 3344       3       java.util.TimSort::mergeLo (659 bytes)


---------------  P R O C E S S  ---------------

Java Threads: ( => current thread )
  0x000000003b354000 JavaThread "Service Thread" daemon [_thread_blocked, id=8668, stack(0x000000003e7d0000,0x000000003e8d0000)]
  0x000000003b2ff800 JavaThread "C1 CompilerThread11" daemon [_thread_in_native, id=4468, stack(0x000000003e6d0000,0x000000003e7d0000)]
=>0x000000003b2fe800 JavaThread "C1 CompilerThread10" daemon [_thread_in_native, id=9200, stack(0x000000003e5d0000,0x000000003e6d0000)]
  0x000000003b2ec800 JavaThread "C1 CompilerThread9" daemon [_thread_in_native, id=8692, stack(0x000000003e4d0000,0x000000003e5d0000)]
  0x000000003b2e4000 JavaThread "C1 CompilerThread8" daemon [_thread_in_native, id=5780, stack(0x000000003e3d0000,0x000000003e4d0000)]
  0x000000003b2d0800 JavaThread "C2 CompilerThread7" daemon [_thread_in_native, id=8728, stack(0x000000003e2d0000,0x000000003e3d0000)]
  0x000000003b2b4000 JavaThread "C2 CompilerThread6" daemon [_thread_in_native, id=6952, stack(0x000000003e1d0000,0x000000003e2d0000)]
  0x000000003b282000 JavaThread "C2 CompilerThread5" daemon [_thread_blocked, id=7704, stack(0x000000003e0d0000,0x000000003e1d0000)]
  0x00000000392fc800 JavaThread "C2 CompilerThread4" daemon [_thread_blocked, id=9040, stack(0x000000003dfd0000,0x000000003e0d0000)]
  0x00000000392f9800 JavaThread "C2 CompilerThread3" daemon [_thread_blocked, id=9036, stack(0x000000003ddd0000,0x000000003ded0000)]
  0x000000003b26e800 JavaThread "C2 CompilerThread2" daemon [_thread_blocked, id=7224, stack(0x000000003dcd0000,0x000000003ddd0000)]
  0x000000003b269800 JavaThread "C2 CompilerThread1" daemon [_thread_blocked, id=904, stack(0x000000003dbd0000,0x000000003dcd0000)]
  0x000000003b268000 JavaThread "C2 CompilerThread0" daemon [_thread_in_native, id=8300, stack(0x000000003dad0000,0x000000003dbd0000)]
  0x000000003b267800 JavaThread "Attach Listener" daemon [_thread_blocked, id=8616, stack(0x000000003d9d0000,0x000000003dad0000)]
  0x000000003b266800 JavaThread "Signal Dispatcher" daemon [_thread_blocked, id=8656, stack(0x000000003d8d0000,0x000000003d9d0000)]
  0x000000003b25c000 JavaThread "Finalizer" daemon [_thread_blocked, id=2416, stack(0x000000003d5d0000,0x000000003d6d0000)]
  0x000000003b235800 JavaThread "Reference Handler" daemon [_thread_blocked, id=8508, stack(0x000000003d4d0000,0x000000003d5d0000)]
  0x0000000002b95000 JavaThread "main" [_thread_in_native, id=8244, stack(0x0000000002a90000,0x0000000002b90000)]

Other Threads:
  0x00000000392e4000 VMThread [stack: 0x000000003d3d0000,0x000000003d4d0000] [id=8684]
  0x000000003b33f000 WatcherThread [stack: 0x000000003e8d0000,0x000000003e9d0000] [id=7600]

VM state:not at safepoint (normal execution)

VM Mutex/Monitor currently owned by a thread: None

Heap:
 PSYoungGen      total 80896K, used 10935K [0x000000066ab00000, 0x0000000670000000, 0x00000007c0000000)
  eden space 74752K, 12% used [0x000000066ab00000,0x000000066b3f5e60,0x000000066f400000)
  from space 6144K, 28% used [0x000000066f400000,0x000000066f5b8000,0x000000066fa00000)
  to   space 5632K, 0% used [0x000000066fa80000,0x000000066fa80000,0x0000000670000000)
 ParOldGen       total 175104K, used 17085K [0x00000003c0000000, 0x00000003cab00000, 0x000000066ab00000)
  object space 175104K, 9% used [0x00000003c0000000,0x00000003c10af4d8,0x00000003cab00000)
 Metaspace       used 14696K, capacity 15180K, committed 15360K, reserved 1062912K
  class space    used 1615K, capacity 1714K, committed 1792K, reserved 1048576K

Card table byte_map: [0x0000000012050000,0x0000000014060000] byte_map_base: 0x0000000010250000

Marking Bits: (ParMarkBitMap*) 0x0000000051e0a6c0
 Begin Bits: [0x00000000167c0000, 0x00000000267c0000)
 End Bits:   [0x00000000267c0000, 0x00000000367c0000)

Polling page: 0x0000000001130000

CodeCache: size=245760Kb used=12707Kb max_used=13682Kb free=233052Kb
 bounds [0x0000000002c90000, 0x0000000003a00000, 0x0000000011c90000]
 total_blobs=3543 nmethods=3079 adapters=373
 compilation: enabled

Compilation events (10 events):
Event: 51.740 Thread 0x000000003b2e4000 3353       3       java.lang.AbstractStringBuilder::append (70 bytes)
Event: 51.740 Thread 0x000000003b2ff800 3354       3       java.lang.Long::getChars (221 bytes)
Event: 51.741 Thread 0x000000003b2ec800 3356   !   3       java.io.BufferedWriter::write (117 bytes)
Event: 51.741 Thread 0x000000003b2ec800 nmethod 3356 0x000000000315f650 code [0x000000000315f820, 0x000000000315ff88]
Event: 51.742 Thread 0x000000003b2ec800 3357       3       java.io.BufferedWriter::min (9 bytes)
Event: 51.742 Thread 0x000000003b2ec800 nmethod 3357 0x0000000002f6f550 code [0x0000000002f6f6a0, 0x0000000002f6f830]
Event: 51.742 Thread 0x000000003b2ec800 3355       3       java.io.Writer::write (11 bytes)
Event: 51.742 Thread 0x000000003b2ec800 nmethod 3355 0x000000000316b5d0 code [0x000000000316b740, 0x000000000316ba48]
Event: 51.743 Thread 0x000000003b2ec800 3358       3       java.lang.StringBuilder::append (9 bytes)
Event: 51.743 Thread 0x000000003b2ec800 nmethod 3358 0x0000000002f96c10 code [0x0000000002f96da0, 0x0000000002f97198]

GC Heap History (10 events):
Event: 41.629 GC heap before
{Heap before GC invocations=22 (full 1):
 PSYoungGen      total 79872K, used 73920K [0x000000066ab00000, 0x0000000670000000, 0x00000007c0000000)
  eden space 72192K, 100% used [0x000000066ab00000,0x000000066f180000,0x000000066f180000)
  from space 7680K, 22% used [0x000000066f880000,0x000000066fa30000,0x0000000670000000)
  to   space 7168K, 0% used [0x000000066f180000,0x000000066f180000,0x000000066f880000)
 ParOldGen       total 175104K, used 16437K [0x00000003c0000000, 0x00000003cab00000, 0x000000066ab00000)
  object space 175104K, 9% used [0x00000003c0000000,0x00000003c100d4d8,0x00000003cab00000)
 Metaspace       used 14662K, capacity 15110K, committed 15360K, reserved 1062912K
  class space    used 1614K, capacity 1713K, committed 1792K, reserved 1048576K
Event: 41.632 GC heap after
Heap after GC invocations=22 (full 1):
 PSYoungGen      total 79360K, used 1728K [0x000000066ab00000, 0x0000000670000000, 0x00000007c0000000)
  eden space 72192K, 0% used [0x000000066ab00000,0x000000066ab00000,0x000000066f180000)
  from space 7168K, 24% used [0x000000066f180000,0x000000066f330000,0x000000066f880000)
  to   space 7168K, 0% used [0x000000066f900000,0x000000066f900000,0x0000000670000000)
 ParOldGen       total 175104K, used 16565K [0x00000003c0000000, 0x00000003cab00000, 0x000000066ab00000)
  object space 175104K, 9% used [0x00000003c0000000,0x00000003c102d4d8,0x00000003cab00000)
 Metaspace       used 14662K, capacity 15110K, committed 15360K, reserved 1062912K
  class space    used 1614K, capacity 1713K, committed 1792K, reserved 1048576K
}
Event: 44.020 GC heap before
{Heap before GC invocations=23 (full 1):
 PSYoungGen      total 79360K, used 73920K [0x000000066ab00000, 0x0000000670000000, 0x00000007c0000000)
  eden space 72192K, 100% used [0x000000066ab00000,0x000000066f180000,0x000000066f180000)
  from space 7168K, 24% used [0x000000066f180000,0x000000066f330000,0x000000066f880000)
  to   space 7168K, 0% used [0x000000066f900000,0x000000066f900000,0x0000000670000000)
 ParOldGen       total 175104K, used 16565K [0x00000003c0000000, 0x00000003cab00000, 0x000000066ab00000)
  object space 175104K, 9% used [0x00000003c0000000,0x00000003c102d4d8,0x00000003cab00000)
 Metaspace       used 14663K, capacity 15110K, committed 15360K, reserved 1062912K
  class space    used 1614K, capacity 1713K, committed 1792K, reserved 1048576K
Event: 44.023 GC heap after
Heap after GC invocations=23 (full 1):
 PSYoungGen      total 80384K, used 1792K [0x000000066ab00000, 0x0000000670000000, 0x00000007c0000000)
  eden space 73216K, 0% used [0x000000066ab00000,0x000000066ab00000,0x000000066f280000)
  from space 7168K, 25% used [0x000000066f900000,0x000000066fac0000,0x0000000670000000)
  to   space 6656K, 0% used [0x000000066f280000,0x000000066f280000,0x000000066f900000)
 ParOldGen       total 175104K, used 16693K [0x00000003c0000000, 0x00000003cab00000, 0x000000066ab00000)
  object space 175104K, 9% used [0x00000003c0000000,0x00000003c104d4d8,0x00000003cab00000)
 Metaspace       used 14663K, capacity 15110K, committed 15360K, reserved 1062912K
  class space    used 1614K, capacity 1713K, committed 1792K, reserved 1048576K
}
Event: 46.452 GC heap before
{Heap before GC invocations=24 (full 1):
 PSYoungGen      total 80384K, used 75008K [0x000000066ab00000, 0x0000000670000000, 0x00000007c0000000)
  eden space 73216K, 100% used [0x000000066ab00000,0x000000066f280000,0x000000066f280000)
  from space 7168K, 25% used [0x000000066f900000,0x000000066fac0000,0x0000000670000000)
  to   space 6656K, 0% used [0x000000066f280000,0x000000066f280000,0x000000066f900000)
 ParOldGen       total 175104K, used 16693K [0x00000003c0000000, 0x00000003cab00000, 0x000000066ab00000)
  object space 175104K, 9% used [0x00000003c0000000,0x00000003c104d4d8,0x00000003cab00000)
 Metaspace       used 14663K, capacity 15110K, committed 15360K, reserved 1062912K
  class space    used 1614K, capacity 1713K, committed 1792K, reserved 1048576K
Event: 46.456 GC heap after
Heap after GC invocations=24 (full 1):
 PSYoungGen      total 79872K, used 1760K [0x000000066ab00000, 0x0000000670000000, 0x00000007c0000000)
  eden space 73216K, 0% used [0x000000066ab00000,0x000000066ab00000,0x000000066f280000)
  from space 6656K, 26% used [0x000000066f280000,0x000000066f438000,0x000000066f900000)
  to   space 6144K, 0% used [0x000000066fa00000,0x000000066fa00000,0x0000000670000000)
 ParOldGen       total 175104K, used 16805K [0x00000003c0000000, 0x00000003cab00000, 0x000000066ab00000)
  object space 175104K, 9% used [0x00000003c0000000,0x00000003c10694d8,0x00000003cab00000)
 Metaspace       used 14663K, capacity 15110K, committed 15360K, reserved 1062912K
  class space    used 1614K, capacity 1713K, committed 1792K, reserved 1048576K
}
Event: 48.928 GC heap before
{Heap before GC invocations=25 (full 1):
 PSYoungGen      total 79872K, used 74976K [0x000000066ab00000, 0x0000000670000000, 0x00000007c0000000)
  eden space 73216K, 100% used [0x000000066ab00000,0x000000066f280000,0x000000066f280000)
  from space 6656K, 26% used [0x000000066f280000,0x000000066f438000,0x000000066f900000)
  to   space 6144K, 0% used [0x000000066fa00000,0x000000066fa00000,0x0000000670000000)
 ParOldGen       total 175104K, used 16805K [0x00000003c0000000, 0x00000003cab00000, 0x000000066ab00000)
  object space 175104K, 9% used [0x00000003c0000000,0x00000003c10694d8,0x00000003cab00000)
 Metaspace       used 14663K, capacity 15110K, committed 15360K, reserved 1062912K
  class space    used 1614K, capacity 1713K, committed 1792K, reserved 1048576K
Event: 48.932 GC heap after
Heap after GC invocations=25 (full 1):
 PSYoungGen      total 80896K, used 1728K [0x000000066ab00000, 0x0000000670000000, 0x00000007c0000000)
  eden space 74752K, 0% used [0x000000066ab00000,0x000000066ab00000,0x000000066f400000)
  from space 6144K, 28% used [0x000000066fa00000,0x000000066fbb0000,0x0000000670000000)
  to   space 6144K, 0% used [0x000000066f400000,0x000000066f400000,0x000000066fa00000)
 ParOldGen       total 175104K, used 16941K [0x00000003c0000000, 0x00000003cab00000, 0x000000066ab00000)
  object space 175104K, 9% used [0x00000003c0000000,0x00000003c108b4d8,0x00000003cab00000)
 Metaspace       used 14663K, capacity 15110K, committed 15360K, reserved 1062912K
  class space    used 1614K, capacity 1713K, committed 1792K, reserved 1048576K
}
Event: 51.490 GC heap before
{Heap before GC invocations=26 (full 1):
 PSYoungGen      total 80896K, used 76480K [0x000000066ab00000, 0x0000000670000000, 0x00000007c0000000)
  eden space 74752K, 100% used [0x000000066ab00000,0x000000066f400000,0x000000066f400000)
  from space 6144K, 28% used [0x000000066fa00000,0x000000066fbb0000,0x0000000670000000)
  to   space 6144K, 0% used [0x000000066f400000,0x000000066f400000,0x000000066fa00000)
 ParOldGen       total 175104K, used 16941K [0x00000003c0000000, 0x00000003cab00000, 0x000000066ab00000)
  object space 175104K, 9% used [0x00000003c0000000,0x00000003c108b4d8,0x00000003cab00000)
 Metaspace       used 14663K, capacity 15110K, committed 15360K, reserved 1062912K
  class space    used 1614K, capacity 1713K, committed 1792K, reserved 1048576K
Event: 51.493 GC heap after
Heap after GC invocations=26 (full 1):
 PSYoungGen      total 80896K, used 1760K [0x000000066ab00000, 0x0000000670000000, 0x00000007c0000000)
  eden space 74752K, 0% used [0x000000066ab00000,0x000000066ab00000,0x000000066f400000)
  from space 6144K, 28% used [0x000000066f400000,0x000000066f5b8000,0x000000066fa00000)
  to   space 5632K, 0% used [0x000000066fa80000,0x000000066fa80000,0x0000000670000000)
 ParOldGen       total 175104K, used 17085K [0x00000003c0000000, 0x00000003cab00000, 0x000000066ab00000)
  object space 175104K, 9% used [0x00000003c0000000,0x00000003c10af4d8,0x00000003cab00000)
 Metaspace       used 14663K, capacity 15110K, committed 15360K, reserved 1062912K
  class space    used 1614K, capacity 1713K, committed 1792K, reserved 1048576K
}

Deoptimization events (10 events):
Event: 51.722 Thread 0x0000000002b95000 Uncommon trap: reason=unstable_if action=reinterpret pc=0x00000000035ef844 method=com.sun.jna.Function.invoke(Ljava/lang/reflect/Method;[Ljava/lang/Class;Ljava/lang/Class;[Ljava/lang/Object;Ljava/util/Map;)Ljava/lang/Object; @ 8
Event: 51.722 Thread 0x0000000002b95000 Uncommon trap: reason=unstable_if action=reinterpret pc=0x00000000035c6dd4 method=com.sun.jna.Function.invoke([Ljava/lang/Object;Ljava/lang/Class;ZI)Ljava/lang/Object; @ 194
Event: 51.723 Thread 0x0000000002b95000 Uncommon trap: reason=class_check action=maybe_recompile pc=0x00000000036db59c method=java.util.concurrent.ConcurrentHashMap.replaceNode(Ljava/lang/Object;Ljava/lang/Object;Ljava/lang/Object;)Ljava/lang/Object; @ 1
Event: 51.723 Thread 0x0000000002b95000 Uncommon trap: reason=class_check action=maybe_recompile pc=0x00000000036db59c method=java.util.concurrent.ConcurrentHashMap.replaceNode(Ljava/lang/Object;Ljava/lang/Object;Ljava/lang/Object;)Ljava/lang/Object; @ 1
Event: 51.723 Thread 0x0000000002b95000 Uncommon trap: reason=class_check action=maybe_recompile pc=0x00000000036db59c method=java.util.concurrent.ConcurrentHashMap.replaceNode(Ljava/lang/Object;Ljava/lang/Object;Ljava/lang/Object;)Ljava/lang/Object; @ 1
Event: 51.723 Thread 0x0000000002b95000 Uncommon trap: reason=class_check action=maybe_recompile pc=0x00000000036db59c method=java.util.concurrent.ConcurrentHashMap.replaceNode(Ljava/lang/Object;Ljava/lang/Object;Ljava/lang/Object;)Ljava/lang/Object; @ 1
Event: 51.723 Thread 0x0000000002b95000 Uncommon trap: reason=bimorphic action=maybe_recompile pc=0x00000000038f15bc method=java.util.Arrays.hashCode([Ljava/lang/Object;)I @ 43
Event: 51.723 Thread 0x0000000002b95000 Uncommon trap: reason=bimorphic action=maybe_recompile pc=0x00000000037e555c method=java.util.ArrayList.forEach(Ljava/util/function/Consumer;)V @ 47
Event: 51.740 Thread 0x0000000002b95000 Uncommon trap: reason=unstable_if action=reinterpret pc=0x00000000036651e0 method=java.lang.Long.getChars(JI[C)V @ 94
Event: 51.740 Thread 0x0000000002b95000 Uncommon trap: reason=unstable_if action=reinterpret pc=0x00000000036633f8 method=java.lang.Long.getChars(JI[C)V @ 24

Internal exceptions (10 events):
Event: 6.507 Thread 0x0000000002b95000 Exception <a 'sun/nio/fs/WindowsException'> (0x000000066bb4a708) thrown at [C:\re\workspace\8-2-build-windows-amd64-cygwin\jdk8u111\7883\hotspot\src\share\vm\prims\jni.cpp, line 709]
Event: 6.508 Thread 0x0000000002b95000 Exception <a 'sun/nio/fs/WindowsException'> (0x000000066bb54c88) thrown at [C:\re\workspace\8-2-build-windows-amd64-cygwin\jdk8u111\7883\hotspot\src\share\vm\prims\jni.cpp, line 709]
Event: 6.508 Thread 0x0000000002b95000 Exception <a 'sun/nio/fs/WindowsException'> (0x000000066bb55b10) thrown at [C:\re\workspace\8-2-build-windows-amd64-cygwin\jdk8u111\7883\hotspot\src\share\vm\prims\jni.cpp, line 709]
Event: 6.509 Thread 0x0000000002b95000 Exception <a 'sun/nio/fs/WindowsException'> (0x000000066bb57628) thrown at [C:\re\workspace\8-2-build-windows-amd64-cygwin\jdk8u111\7883\hotspot\src\share\vm\prims\jni.cpp, line 709]
Event: 6.625 Thread 0x0000000002b95000 Exception <a 'sun/nio/fs/WindowsException'> (0x000000066bb85d70) thrown at [C:\re\workspace\8-2-build-windows-amd64-cygwin\jdk8u111\7883\hotspot\src\share\vm\prims\jni.cpp, line 709]
Event: 6.691 Thread 0x0000000002b95000 Implicit null exception at 0x00000000034ec72e to 0x00000000034ed6a1
Event: 6.849 Thread 0x0000000002b95000 Exception <a 'java/lang/NoSuchMethodError': java.lang.Object.lambda$update$0(I)[Lai/djl/ndarray/NDArray;> (0x000000066b7db820) thrown at [C:\re\workspace\8-2-build-windows-amd64-cygwin\jdk8u111\7883\hotspot\src\share\vm\interpreter\linkResolver.cpp, line 
Event: 51.722 Thread 0x0000000002b95000 Implicit null exception at 0x00000000035ee12d to 0x00000000035ef821
Event: 51.723 Thread 0x0000000002b95000 Exception <a 'sun/nio/fs/WindowsException'> (0x000000066b1f6bd0) thrown at [C:\re\workspace\8-2-build-windows-amd64-cygwin\jdk8u111\7883\hotspot\src\share\vm\prims\jni.cpp, line 709]
Event: 51.740 Thread 0x0000000002b95000 Exception <a 'sun/nio/fs/WindowsException'> (0x000000066b224790) thrown at [C:\re\workspace\8-2-build-windows-amd64-cygwin\jdk8u111\7883\hotspot\src\share\vm\prims\jni.cpp, line 709]

Events (10 events):
Event: 51.734 Thread 0x000000003b2e4000 flushing nmethod 0x000000000341ab50
Event: 51.734 Thread 0x000000003b2e4000 flushing nmethod 0x0000000003421d90
Event: 51.734 Thread 0x000000003b2e4000 flushing nmethod 0x0000000003422450
Event: 51.735 Thread 0x000000003b2ff800 flushing nmethod 0x000000000343b9d0
Event: 51.740 Thread 0x0000000002b95000 Uncommon trap: trap_request=0xffffff65 fr.pc=0x00000000036651e0
Event: 51.740 Thread 0x0000000002b95000 DEOPT PACKING pc=0x00000000036651e0 sp=0x0000000002b8f140
Event: 51.740 Thread 0x0000000002b95000 DEOPT UNPACKING pc=0x0000000002cd582a sp=0x0000000002b8f098 mode 2
Event: 51.740 Thread 0x0000000002b95000 Uncommon trap: trap_request=0xffffff65 fr.pc=0x00000000036633f8
Event: 51.740 Thread 0x0000000002b95000 DEOPT PACKING pc=0x00000000036633f8 sp=0x0000000002b8f230
Event: 51.740 Thread 0x0000000002b95000 DEOPT UNPACKING pc=0x0000000002cd582a sp=0x0000000002b8f168 mode 2


Dynamic libraries:
0x00007ff6ab780000 - 0x00007ff6ab7b7000 	C:\Program Files\Java\jdk1.8.0_111\bin\java.exe
0x00007ffa45c50000 - 0x00007ffa45dfc000 	C:\Windows\SYSTEM32\ntdll.dll
0x00007ffa45ab0000 - 0x00007ffa45bea000 	C:\Windows\system32\KERNEL32.DLL
0x00007ffa431e0000 - 0x00007ffa432ef000 	C:\Windows\system32\KERNELBASE.dll
0x00007ffa41be0000 - 0x00007ffa41c68000 	C:\Windows\system32\apphelp.dll
0x00007ffa227f0000 - 0x00007ffa2283f000 	C:\Windows\AppPatch\AppPatch64\AcGenral.DLL
0x00007ffa45570000 - 0x00007ffa45617000 	C:\Windows\system32\msvcrt.dll
0x00007ffa42e00000 - 0x00007ffa42e2b000 	C:\Windows\SYSTEM32\SspiCli.dll
0x00007ffa45330000 - 0x00007ffa45381000 	C:\Windows\system32\SHLWAPI.dll
0x00007ffa43530000 - 0x00007ffa436a1000 	C:\Windows\system32\USER32.dll
0x00007ffa45630000 - 0x00007ffa457a8000 	C:\Windows\system32\ole32.dll
0x00007ffa43a40000 - 0x00007ffa44e4f000 	C:\Windows\system32\SHELL32.dll
0x00007ffa425b0000 - 0x00007ffa425ce000 	C:\Windows\SYSTEM32\USERENV.dll
0x00007ffa43710000 - 0x00007ffa437b5000 	C:\Windows\system32\ADVAPI32.dll
0x00007ffa29a90000 - 0x00007ffa29aab000 	C:\Windows\SYSTEM32\MPR.dll
0x00007ffa451f0000 - 0x00007ffa45327000 	C:\Windows\system32\RPCRT4.dll
0x00007ffa458f0000 - 0x00007ffa45947000 	C:\Windows\SYSTEM32\sechost.dll
0x00007ffa45390000 - 0x00007ffa45566000 	C:\Windows\SYSTEM32\combase.dll
0x00007ffa44eb0000 - 0x00007ffa44ff4000 	C:\Windows\system32\GDI32.dll
0x00007ffa42fc0000 - 0x00007ffa42fd4000 	C:\Windows\SYSTEM32\profapi.dll
0x00007ffa41b40000 - 0x00007ffa41bdf000 	C:\Windows\SYSTEM32\SHCORE.dll
0x00007ffa434d0000 - 0x00007ffa43504000 	C:\Windows\system32\IMM32.DLL
0x00007ffa457b0000 - 0x00007ffa458e9000 	C:\Windows\system32\MSCTF.dll
0x00007ffa40cd0000 - 0x00007ffa40f2a000 	C:\Windows\WinSxS\amd64_microsoft.windows.common-controls_6595b64144ccf1df_6.0.9600.17031_none_6242a4b3ecbb55a1\COMCTL32.dll
0x0000000051510000 - 0x00000000515e2000 	C:\Program Files\Java\jdk1.8.0_111\jre\bin\msvcr100.dll
0x00000000515f0000 - 0x0000000051e8a000 	C:\Program Files\Java\jdk1.8.0_111\jre\bin\server\jvm.dll
0x00007ffa3add0000 - 0x00007ffa3add9000 	C:\Windows\SYSTEM32\WSOCK32.dll
0x00007ffa3adb0000 - 0x00007ffa3adcf000 	C:\Windows\SYSTEM32\WINMM.dll
0x00007ffa41b00000 - 0x00007ffa41b0a000 	C:\Windows\SYSTEM32\VERSION.dll
0x00007ffa45aa0000 - 0x00007ffa45aa7000 	C:\Windows\system32\PSAPI.DLL
0x00007ffa44e50000 - 0x00007ffa44ea8000 	C:\Windows\system32\WS2_32.dll
0x00007ffa3ad80000 - 0x00007ffa3adaa000 	C:\Windows\SYSTEM32\WINMMBASE.dll
0x00007ffa43890000 - 0x00007ffa43899000 	C:\Windows\system32\NSI.dll
0x00007ffa43090000 - 0x00007ffa430da000 	C:\Windows\SYSTEM32\cfgmgr32.dll
0x00007ffa41e30000 - 0x00007ffa41e56000 	C:\Windows\SYSTEM32\DEVOBJ.dll
0x0000000053170000 - 0x000000005317f000 	C:\Program Files\Java\jdk1.8.0_111\jre\bin\verify.dll
0x0000000051f00000 - 0x0000000051f29000 	C:\Program Files\Java\jdk1.8.0_111\jre\bin\java.dll
0x0000000051ee0000 - 0x0000000051ef6000 	C:\Program Files\Java\jdk1.8.0_111\jre\bin\zip.dll
0x0000000051ec0000 - 0x0000000051eda000 	C:\Program Files\Java\jdk1.8.0_111\jre\bin\net.dll
0x00007ffa42860000 - 0x00007ffa428b8000 	C:\Windows\system32\mswsock.dll
0x00000000514f0000 - 0x0000000051501000 	C:\Program Files\Java\jdk1.8.0_111\jre\bin\nio.dll
0x00007ffa428c0000 - 0x00007ffa428de000 	C:\Windows\SYSTEM32\CRYPTSP.dll
0x00007ffa424a0000 - 0x00007ffa424d5000 	C:\Windows\system32\rsaenh.dll
0x00007ffa42b00000 - 0x00007ffa42b26000 	C:\Windows\SYSTEM32\bcrypt.dll
0x00007ffa42e30000 - 0x00007ffa42e90000 	C:\Windows\system32\bcryptprimitives.dll
0x00007ffa42e90000 - 0x00007ffa42e9a000 	C:\Windows\SYSTEM32\CRYPTBASE.dll
0x00007ffa40920000 - 0x00007ffa40949000 	C:\Windows\SYSTEM32\IPHLPAPI.DLL
0x00007ffa40910000 - 0x00007ffa4091a000 	C:\Windows\SYSTEM32\WINNSI.DLL
0x00007ffa39390000 - 0x00007ffa393a4000 	C:\Windows\SYSTEM32\dhcpcsvc6.DLL
0x00007ffa39420000 - 0x00007ffa39439000 	C:\Windows\SYSTEM32\dhcpcsvc.DLL
0x0000000051220000 - 0x0000000051244000 	C:\Program Files\Java\jdk1.8.0_111\jre\bin\sunec.dll
0x0000000052c10000 - 0x0000000052c1b000 	C:\Program Files\Java\jdk1.8.0_111\jre\bin\sunmscapi.dll
0x00007ffa432f0000 - 0x00007ffa434cf000 	C:\Windows\system32\CRYPT32.dll
0x00007ffa43070000 - 0x00007ffa43082000 	C:\Windows\system32\MSASN1.dll
0x00007ffa42610000 - 0x00007ffa426b3000 	C:\Windows\SYSTEM32\DNSAPI.dll
0x0000000054490000 - 0x00000000544b6000 	C:\Program Files\Bonjour\mdnsNSP.dll
0x00007ffa32bf0000 - 0x00007ffa32bf9000 	C:\Windows\System32\rasadhlp.dll
0x00007ffa39440000 - 0x00007ffa394a8000 	C:\Windows\System32\fwpuclnt.dll
0x00007ffa22710000 - 0x00007ffa22752000 	C:\Users\DELL LAB\AppData\Local\Temp\jna-1607261838\jna6729895548243922620.dll
0x00007ffa023b0000 - 0x00007ffa0770e000 	C:\Users\DELL LAB\.djl.ai\mxnet\1.7.0-backport-mkl-win-x86_64\mxnet.dll
0x000000006d7c0000 - 0x000000006fc95000 	C:\Users\DELL LAB\.djl.ai\mxnet\1.7.0-backport-mkl-win-x86_64\libopenblas.dll
0x00007ffa1bdb0000 - 0x00007ffa1bddd000 	C:\Windows\SYSTEM32\VCOMP140.DLL
0x0000000061440000 - 0x000000006145c000 	C:\Users\DELL LAB\.djl.ai\mxnet\1.7.0-backport-mkl-win-x86_64\libgcc_s_seh-1.dll
0x0000000040870000 - 0x00000000409b1000 	C:\Users\DELL LAB\.djl.ai\mxnet\1.7.0-backport-mkl-win-x86_64\libgfortran-3.dll
0x000000006cf00000 - 0x000000006cf58000 	C:\Users\DELL LAB\.djl.ai\mxnet\1.7.0-backport-mkl-win-x86_64\libquadmath-0.dll

VM Arguments:
jvm_args: -Dfile.encoding=UTF-8 -Xms256M -Xmx16G -Djava.security.policy=applet.policy 
java_command: ai.djl.examples.training.TrainMnist
java_class_path (initial): D:\Dropbox\NetbeansProjects\OpenCezeriLibrary\lib\Filters.jar;D:\Dropbox\NetbeansProjects\OpenCezeriLibrary\lib\weka.jar;D:\Dropbox\NetbeansProjects\OpenCezeriLibrary\lib\ij.jar;D:\Dropbox\NetbeansProjects\OpenCezeriLibrary\lib\lti-civil.jar;D:\Dropbox\NetbeansProjects\OpenCezeriLibrary\lib\Jama-1.0.3.jar;D:\Dropbox\NetbeansProjects\OpenCezeriLibrary\lib\opencsv-2.3.jar;D:\Dropbox\NetbeansProjects\OpenCezeriLibrary\lib\NeuralNetwork.jar;D:\Dropbox\NetbeansProjects\OpenCezeriLibrary\lib\lti-civil-no_s_w_t.jar;D:\Dropbox\NetbeansProjects\OpenCezeriLibrary\lib\lti-civil-noswt.jar;D:\Dropbox\NetbeansProjects\OpenCezeriLibrary\lib\jsoup-1.12.1.jar;D:\Dropbox\NetbeansProjects\OpenCezeriLibrary\lib\lti-civil-noutils.jar;D:\Dropbox\NetbeansProjects\OpenCezeriLibrary\lib\bridj-0.6.2.jar;D:\Dropbox\NetbeansProjects\OpenCezeriLibrary\lib\RXTXcomm.jar;D:\Dropbox\NetbeansProjects\OpenCezeriLibrary\lib\webcam-capture-0.3.12.jar;D:\Dropbox\NetbeansProjects\OpenCezeriLibrary\lib\openkinect_processing.jar;D:\Dropbox\NetbeansProjects\OpenCezeriLibrary\lib\processing_3.2\core.jar;D:\Dropbox\NetbeansProjects\OpenCezeriLibrary\lib\processing_3.2\gluegen-rt-natives-linux-amd64.jar;D:\Dropbox\NetbeansProjects\OpenCezeriLibrary\lib\processing_3.2\gluegen-rt-natives-linux-armv6hf.jar;D:\Dropbox\NetbeansProjects\OpenCezeriLibrary\lib\processing_3.2\gluegen-rt-natives-linux-i586.jar;D:\Dropbox\NetbeansProjects\OpenCezeriLibrary\lib\processing_3.2\gluegen-rt-natives-macosx-universal.jar;D:\Dropbox\NetbeansProjects\OpenCezeriLibrary\lib\processing_3.2\gluegen-rt-natives-windows-amd64.jar;D:\Dropbox\NetbeansProjects\OpenCezeriLibrary\lib\processing_3.2\gluegen-rt-natives-windows-i586.jar;D:\Dropbox\NetbeansProjects\OpenCezeriLibrary\lib\processing_3.2\gluegen-rt.jar;D:\Dropbox\NetbeansProjects\OpenCezeriLibrary\lib\processing_3.2\jogl-all-natives-linux-amd64.jar;D:\Dropbox\NetbeansProjects\OpenCezeriLibrary\lib\processing_3.2\jogl-all-natives-linux-armv6hf.jar;D:\Dro
Launcher Type: SUN_STANDARD

Environment Variables:
JAVA_HOME=C:\Program Files\Java\jdk1.8.0_111
PATH=C:\Program Files\Common Files\Oracle\Java\javapath;C:\Program Files\NVIDIA GPU Computing Toolkit\CUDA\v10.2\bin;C:\Program Files\NVIDIA GPU Computing Toolkit\CUDA\v10.2\libnvvp;C:\Program Files (x86)\Common Files\Oracle\Java\javapath;C:\Program Files\NVIDIA GPU Computing Toolkit\CUDA\v10.1\extras\CUPTI\lib64;C:\ProgramData\Oracle\Java\javapath;C:\Program Files (x86)\Intel\iCLS Client\;C:\Program Files\Intel\iCLS Client\;C:\Windows\system32;C:\Windows;C:\Windows\System32\Wbem;C:\Windows\System32\WindowsPowerShell\v1.0\;Program Files\MATLAB\R2013a\runtime\win64;C:\Program Files\MATLAB\R2013a\bin;C:\opencv\x64;C:\opencv\x86;C:\apache-maven-3.3.9-bin\apache-maven-3.3.9;C:\apache-maven-3.3.9-bin\apache-maven-3.3.9\bin;C:\Program Files\Java\jdk1.8.0_25\bin;C:\Program Files\Java\jdk1.8.0_25;C:\Program Files\Microsoft\Web Platform Installer\;C:\Users\DELL LAB\Dropbox\El-Cezeri Projects\BAP\dll\tisgrabber.dll;C:\cmder_mini;D:\apache-maven-3.5.2\bin;C:\Program Files (x86)\GNU\GnuPG;C:\Program Files\NVIDIA Corporation\NVIDIA NvDLISR;C:\Program Files\NVIDIA Corporation\NVSMI;C:\Program Files\NVIDIA Corporation\Nsight Compute 2019.1\;C:\Program Files\NVIDIA GPU Computing Toolkit\CUDA\v10.2\libnvvp;D:\Anaconda3\condabin;C:\Program Files (x86)\Yarn\bin\;C:\Program Files\Java\jdk1.8.0_111\bin;C:\Program Files\Git\cmd;C:\Program Files\dotnet\;c:\gradle\bin;C:\nvm;C:\Program Files\nodejs;C:\Program Files\nodejs\;C:\javacv-platform-1.5.4-bin;C:\Users\DELL LAB\AppData\Local\Programs\Python\Python38\Scripts\;C:\Users\DELL LAB\AppData\Local\Programs\Python\Python38\;C:\Users\DELL LAB\.windows-build-tools\python27\;C:\Program Files\JetBrains\IntelliJ IDEA Community Edition 2020.2\bin;C:\Users\DELL LAB\AppData\Local\Yarn\bin;C:\Users\DELL LAB\.dotnet\tools;C:\Users\DELL LAB\AppData\Local\Programs\Microsoft VS Code\bin;C:\nvm;C:\Program Files\nodejs;C:\Users\DELL LAB\AppData\Roaming\npm
USERNAME=DELL LAB
OS=Windows_NT
PROCESSOR_IDENTIFIER=Intel64 Family 6 Model 62 Stepping 4, GenuineIntel



---------------  S Y S T E M  ---------------

OS: Windows 8.1 , 64 bit Build 9600 (6.3.9600.17056)

CPU:total 24 (6 cores per cpu, 2 threads per core) family 6 model 62 stepping 4, cmov, cx8, fxsr, mmx, sse, sse2, sse3, ssse3, sse4.1, sse4.2, popcnt, avx, aes, clmul, erms, ht, tsc, tscinvbit

Memory: 4k page, physical 16720176k(8296832k free), swap 41296176k(3704k free)

vm_info: Java HotSpot(TM) 64-Bit Server VM (25.111-b14) for windows-amd64 JRE (1.8.0_111-b14), built on Sep 22 2016 19:24:05 by "java_re" with MS VC++ 10.0 (VS2010)

time: Fri Mar 12 23:41:11 2021
elapsed time: 52 seconds (0d 0h 0m 52s)

